{"C:\\Users\\a0526\\DEV\\family-budget-app-ts-minimal\\frontend\\src\\components\\auth\\ProtectedRoute.jsx": {"path":"C:\\Users\\a0526\\DEV\\family-budget-app-ts-minimal\\frontend\\src\\components\\auth\\ProtectedRoute.jsx","statementMap":{"0":{"start":{"line":6,"column":23},"end":{"line":22,"column":1}},"1":{"start":{"line":7,"column":41},"end":{"line":7,"column":50}},"2":{"start":{"line":9,"column":2},"end":{"line":13,"column":3}},"3":{"start":{"line":12,"column":4},"end":{"line":12,"column":94}},"4":{"start":{"line":15,"column":2},"end":{"line":18,"column":3}},"5":{"start":{"line":17,"column":4},"end":{"line":17,"column":44}},"6":{"start":{"line":21,"column":2},"end":{"line":21,"column":20}}},"fnMap":{"0":{"name":"(anonymous_0)","decl":{"start":{"line":6,"column":23},"end":{"line":6,"column":24}},"loc":{"start":{"line":6,"column":29},"end":{"line":22,"column":1}},"line":6}},"branchMap":{"0":{"loc":{"start":{"line":9,"column":2},"end":{"line":13,"column":3}},"type":"if","locations":[{"start":{"line":9,"column":2},"end":{"line":13,"column":3}},{"start":{},"end":{}}],"line":9},"1":{"loc":{"start":{"line":15,"column":2},"end":{"line":18,"column":3}},"type":"if","locations":[{"start":{"line":15,"column":2},"end":{"line":18,"column":3}},{"start":{},"end":{}}],"line":15}},"s":{"0":0,"1":0,"2":0,"3":0,"4":0,"5":0,"6":0},"f":{"0":0},"b":{"0":[0,0],"1":[0,0]}}
,"C:\\Users\\a0526\\DEV\\family-budget-app-ts-minimal\\frontend\\src\\components\\layout\\Header.jsx": {"path":"C:\\Users\\a0526\\DEV\\family-budget-app-ts-minimal\\frontend\\src\\components\\layout\\Header.jsx","statementMap":{"0":{"start":{"line":7,"column":25},"end":{"line":16,"column":1}},"1":{"start":{"line":8,"column":2},"end":{"line":15,"column":8}},"2":{"start":{"line":19,"column":15},"end":{"line":50,"column":1}},"3":{"start":{"line":20,"column":27},"end":{"line":20,"column":36}},"4":{"start":{"line":21,"column":2},"end":{"line":49,"column":4}}},"fnMap":{"0":{"name":"(anonymous_0)","decl":{"start":{"line":7,"column":25},"end":{"line":7,"column":26}},"loc":{"start":{"line":8,"column":2},"end":{"line":15,"column":8}},"line":8},"1":{"name":"(anonymous_1)","decl":{"start":{"line":19,"column":15},"end":{"line":19,"column":16}},"loc":{"start":{"line":19,"column":41},"end":{"line":50,"column":1}},"line":19}},"branchMap":{"0":{"loc":{"start":{"line":32,"column":11},"end":{"line":45,"column":11}},"type":"binary-expr","locations":[{"start":{"line":32,"column":11},"end":{"line":32,"column":15}},{"start":{"line":33,"column":12},"end":{"line":44,"column":18}}],"line":32},"1":{"loc":{"start":{"line":35,"column":23},"end":{"line":35,"column":46}},"type":"binary-expr","locations":[{"start":{"line":35,"column":23},"end":{"line":35,"column":32}},{"start":{"line":35,"column":36},"end":{"line":35,"column":46}}],"line":35}},"s":{"0":0,"1":0,"2":0,"3":0,"4":0},"f":{"0":0,"1":0},"b":{"0":[0,0],"1":[0,0]}}
,"C:\\Users\\a0526\\DEV\\family-budget-app-ts-minimal\\frontend\\src\\components\\layout\\MainLayout.jsx": {"path":"C:\\Users\\a0526\\DEV\\family-budget-app-ts-minimal\\frontend\\src\\components\\layout\\MainLayout.jsx","statementMap":{"0":{"start":{"line":7,"column":19},"end":{"line":26,"column":1}},"1":{"start":{"line":8,"column":52},"end":{"line":8,"column":67}},"2":{"start":{"line":10,"column":2},"end":{"line":25,"column":4}},"3":{"start":{"line":13,"column":57},"end":{"line":13,"column":84}},"4":{"start":{"line":16,"column":40},"end":{"line":16,"column":66}}},"fnMap":{"0":{"name":"(anonymous_0)","decl":{"start":{"line":7,"column":19},"end":{"line":7,"column":20}},"loc":{"start":{"line":7,"column":25},"end":{"line":26,"column":1}},"line":7},"1":{"name":"(anonymous_1)","decl":{"start":{"line":13,"column":51},"end":{"line":13,"column":52}},"loc":{"start":{"line":13,"column":57},"end":{"line":13,"column":84}},"line":13},"2":{"name":"(anonymous_2)","decl":{"start":{"line":16,"column":34},"end":{"line":16,"column":35}},"loc":{"start":{"line":16,"column":40},"end":{"line":16,"column":66}},"line":16}},"branchMap":{},"s":{"0":0,"1":0,"2":0,"3":0,"4":0},"f":{"0":0,"1":0,"2":0},"b":{}}
,"C:\\Users\\a0526\\DEV\\family-budget-app-ts-minimal\\frontend\\src\\components\\layout\\Sidebar.jsx": {"path":"C:\\Users\\a0526\\DEV\\family-budget-app-ts-minimal\\frontend\\src\\components\\layout\\Sidebar.jsx","statementMap":{"0":{"start":{"line":6,"column":24},"end":{"line":12,"column":1}},"1":{"start":{"line":14,"column":20},"end":{"line":19,"column":1}},"2":{"start":{"line":15,"column":2},"end":{"line":18,"column":8}},"3":{"start":{"line":21,"column":16},"end":{"line":107,"column":1}},"4":{"start":{"line":23,"column":25},"end":{"line":29,"column":7}},"5":{"start":{"line":24,"column":4},"end":{"line":29,"column":7}},"6":{"start":{"line":31,"column":31},"end":{"line":37,"column":7}},"7":{"start":{"line":32,"column":2},"end":{"line":37,"column":7}},"8":{"start":{"line":39,"column":2},"end":{"line":106,"column":4}},"9":{"start":{"line":47,"column":14},"end":{"line":55,"column":24}},"10":{"start":{"line":88,"column":12},"end":{"line":97,"column":22}}},"fnMap":{"0":{"name":"(anonymous_0)","decl":{"start":{"line":14,"column":20},"end":{"line":14,"column":21}},"loc":{"start":{"line":15,"column":2},"end":{"line":18,"column":8}},"line":15},"1":{"name":"(anonymous_1)","decl":{"start":{"line":21,"column":16},"end":{"line":21,"column":17}},"loc":{"start":{"line":21,"column":41},"end":{"line":107,"column":1}},"line":21},"2":{"name":"(anonymous_2)","decl":{"start":{"line":23,"column":25},"end":{"line":23,"column":26}},"loc":{"start":{"line":24,"column":4},"end":{"line":29,"column":7}},"line":24},"3":{"name":"(anonymous_3)","decl":{"start":{"line":31,"column":31},"end":{"line":31,"column":32}},"loc":{"start":{"line":32,"column":2},"end":{"line":37,"column":7}},"line":32},"4":{"name":"(anonymous_4)","decl":{"start":{"line":46,"column":33},"end":{"line":46,"column":34}},"loc":{"start":{"line":47,"column":14},"end":{"line":55,"column":24}},"line":47},"5":{"name":"(anonymous_5)","decl":{"start":{"line":87,"column":31},"end":{"line":87,"column":32}},"loc":{"start":{"line":88,"column":12},"end":{"line":97,"column":22}},"line":88}},"branchMap":{"0":{"loc":{"start":{"line":14,"column":22},"end":{"line":14,"column":38}},"type":"default-arg","locations":[{"start":{"line":14,"column":33},"end":{"line":14,"column":38}}],"line":14},"1":{"loc":{"start":{"line":15,"column":64},"end":{"line":15,"column":132}},"type":"cond-expr","locations":[{"start":{"line":15,"column":75},"end":{"line":15,"column":102}},{"start":{"line":15,"column":105},"end":{"line":15,"column":132}}],"line":15},"2":{"loc":{"start":{"line":17,"column":62},"end":{"line":17,"column":91}},"type":"cond-expr","locations":[{"start":{"line":17,"column":73},"end":{"line":17,"column":75}},{"start":{"line":17,"column":78},"end":{"line":17,"column":91}}],"line":17},"3":{"loc":{"start":{"line":26,"column":7},"end":{"line":28,"column":63}},"type":"cond-expr","locations":[{"start":{"line":27,"column":11},"end":{"line":27,"column":44}},{"start":{"line":28,"column":11},"end":{"line":28,"column":63}}],"line":26},"4":{"loc":{"start":{"line":34,"column":7},"end":{"line":36,"column":63}},"type":"cond-expr","locations":[{"start":{"line":35,"column":11},"end":{"line":35,"column":34}},{"start":{"line":36,"column":11},"end":{"line":36,"column":63}}],"line":34},"5":{"loc":{"start":{"line":63,"column":7},"end":{"line":69,"column":7}},"type":"binary-expr","locations":[{"start":{"line":63,"column":7},"end":{"line":63,"column":13}},{"start":{"line":64,"column":8},"end":{"line":68,"column":15}}],"line":63},"6":{"loc":{"start":{"line":73,"column":21},"end":{"line":73,"column":67}},"type":"cond-expr","locations":[{"start":{"line":73,"column":30},"end":{"line":73,"column":45}},{"start":{"line":73,"column":48},"end":{"line":73,"column":67}}],"line":73},"7":{"loc":{"start":{"line":74,"column":66},"end":{"line":74,"column":119}},"type":"cond-expr","locations":[{"start":{"line":74,"column":75},"end":{"line":74,"column":94}},{"start":{"line":74,"column":97},"end":{"line":74,"column":119}}],"line":74}},"s":{"0":0,"1":0,"2":0,"3":0,"4":0,"5":0,"6":0,"7":0,"8":0,"9":0,"10":0},"f":{"0":0,"1":0,"2":0,"3":0,"4":0,"5":0},"b":{"0":[0],"1":[0,0],"2":[0,0],"3":[0,0],"4":[0,0],"5":[0,0],"6":[0,0],"7":[0,0]}}
,"C:\\Users\\a0526\\DEV\\family-budget-app-ts-minimal\\frontend\\src\\components\\transactions\\AddTransactionModal.jsx": {"path":"C:\\Users\\a0526\\DEV\\family-budget-app-ts-minimal\\frontend\\src\\components\\transactions\\AddTransactionModal.jsx","statementMap":{"0":{"start":{"line":10,"column":24},"end":{"line":13,"column":1}},"1":{"start":{"line":11,"column":19},"end":{"line":11,"column":66}},"2":{"start":{"line":12,"column":2},"end":{"line":12,"column":14}},"3":{"start":{"line":16,"column":28},"end":{"line":317,"column":1}},"4":{"start":{"line":17,"column":22},"end":{"line":17,"column":38}},"5":{"start":{"line":18,"column":48},"end":{"line":18,"column":69}},"6":{"start":{"line":19,"column":36},"end":{"line":19,"column":48}},"7":{"start":{"line":20,"column":21},"end":{"line":20,"column":40}},"8":{"start":{"line":22,"column":28},"end":{"line":36,"column":3}},"9":{"start":{"line":38,"column":111},"end":{"line":40,"column":4}},"10":{"start":{"line":43,"column":2},"end":{"line":75,"column":68}},"11":{"start":{"line":44,"column":4},"end":{"line":74,"column":5}},"12":{"start":{"line":45,"column":6},"end":{"line":45,"column":99}},"13":{"start":{"line":47,"column":20},"end":{"line":47,"column":88}},"14":{"start":{"line":48,"column":20},"end":{"line":48,"column":82}},"15":{"start":{"line":50,"column":26},"end":{"line":60,"column":7}},"16":{"start":{"line":63,"column":6},"end":{"line":65,"column":7}},"17":{"start":{"line":64,"column":8},"end":{"line":64,"column":74}},"18":{"start":{"line":71,"column":6},"end":{"line":71,"column":31}},"19":{"start":{"line":72,"column":6},"end":{"line":72,"column":57}},"20":{"start":{"line":73,"column":6},"end":{"line":73,"column":38}},"21":{"start":{"line":78,"column":35},"end":{"line":78,"column":61}},"22":{"start":{"line":80,"column":63},"end":{"line":84,"column":4}},"23":{"start":{"line":82,"column":19},"end":{"line":82,"column":51}},"24":{"start":{"line":86,"column":19},"end":{"line":106,"column":4}},"25":{"start":{"line":88,"column":27},"end":{"line":88,"column":81}},"26":{"start":{"line":89,"column":6},"end":{"line":91,"column":7}},"27":{"start":{"line":90,"column":8},"end":{"line":90,"column":98}},"28":{"start":{"line":92,"column":6},"end":{"line":92,"column":73}},"29":{"start":{"line":95,"column":6},"end":{"line":95,"column":68}},"30":{"start":{"line":96,"column":6},"end":{"line":96,"column":72}},"31":{"start":{"line":97,"column":6},"end":{"line":97,"column":74}},"32":{"start":{"line":98,"column":6},"end":{"line":98,"column":75}},"33":{"start":{"line":99,"column":6},"end":{"line":99,"column":90}},"34":{"start":{"line":100,"column":6},"end":{"line":100,"column":24}},"35":{"start":{"line":103,"column":6},"end":{"line":103,"column":94}},"36":{"start":{"line":104,"column":6},"end":{"line":104,"column":118}},"37":{"start":{"line":108,"column":19},"end":{"line":148,"column":3}},"38":{"start":{"line":109,"column":4},"end":{"line":109,"column":21}},"39":{"start":{"line":110,"column":18},"end":{"line":114,"column":5}},"40":{"start":{"line":116,"column":4},"end":{"line":146,"column":5}},"41":{"start":{"line":117,"column":6},"end":{"line":117,"column":63}},"42":{"start":{"line":118,"column":6},"end":{"line":118,"column":49}},"43":{"start":{"line":123,"column":6},"end":{"line":142,"column":7}},"44":{"start":{"line":124,"column":8},"end":{"line":124,"column":53}},"45":{"start":{"line":125,"column":8},"end":{"line":133,"column":9}},"46":{"start":{"line":126,"column":10},"end":{"line":126,"column":45}},"47":{"start":{"line":127,"column":10},"end":{"line":127,"column":76}},"48":{"start":{"line":128,"column":10},"end":{"line":128,"column":83}},"49":{"start":{"line":128,"column":31},"end":{"line":128,"column":83}},"50":{"start":{"line":129,"column":10},"end":{"line":129,"column":125}},"51":{"start":{"line":129,"column":62},"end":{"line":129,"column":125}},"52":{"start":{"line":130,"column":15},"end":{"line":133,"column":9}},"53":{"start":{"line":131,"column":10},"end":{"line":131,"column":61}},"54":{"start":{"line":132,"column":10},"end":{"line":132,"column":80}},"55":{"start":{"line":141,"column":9},"end":{"line":141,"column":114}},"56":{"start":{"line":145,"column":6},"end":{"line":145,"column":82}},"57":{"start":{"line":147,"column":4},"end":{"line":147,"column":33}},"58":{"start":{"line":150,"column":26},"end":{"line":156,"column":3}},"59":{"start":{"line":151,"column":4},"end":{"line":151,"column":29}},"60":{"start":{"line":152,"column":4},"end":{"line":152,"column":55}},"61":{"start":{"line":153,"column":4},"end":{"line":153,"column":36}},"62":{"start":{"line":154,"column":4},"end":{"line":154,"column":21}},"63":{"start":{"line":155,"column":4},"end":{"line":155,"column":14}},"64":{"start":{"line":158,"column":2},"end":{"line":169,"column":72}},"65":{"start":{"line":159,"column":4},"end":{"line":168,"column":5}},"66":{"start":{"line":160,"column":8},"end":{"line":167,"column":9}},"67":{"start":{"line":161,"column":12},"end":{"line":161,"column":45}},"68":{"start":{"line":161,"column":46},"end":{"line":161,"column":78}},"69":{"start":{"line":161,"column":79},"end":{"line":161,"column":114}},"70":{"start":{"line":161,"column":115},"end":{"line":161,"column":146}},"71":{"start":{"line":162,"column":12},"end":{"line":162,"column":47}},"72":{"start":{"line":162,"column":48},"end":{"line":162,"column":92}},"73":{"start":{"line":163,"column":15},"end":{"line":167,"column":9}},"74":{"start":{"line":164,"column":12},"end":{"line":164,"column":47}},"75":{"start":{"line":164,"column":48},"end":{"line":164,"column":92}},"76":{"start":{"line":165,"column":15},"end":{"line":167,"column":9}},"77":{"start":{"line":166,"column":12},"end":{"line":166,"column":45}},"78":{"start":{"line":166,"column":46},"end":{"line":166,"column":78}},"79":{"start":{"line":166,"column":79},"end":{"line":166,"column":114}},"80":{"start":{"line":166,"column":115},"end":{"line":166,"column":146}},"81":{"start":{"line":171,"column":2},"end":{"line":316,"column":4}},"82":{"start":{"line":179,"column":33},"end":{"line":179,"column":63}},"83":{"start":{"line":179,"column":64},"end":{"line":179,"column":78}},"84":{"start":{"line":179,"column":79},"end":{"line":179,"column":180}},"85":{"start":{"line":186,"column":33},"end":{"line":186,"column":62}},"86":{"start":{"line":186,"column":63},"end":{"line":186,"column":77}},"87":{"start":{"line":186,"column":78},"end":{"line":186,"column":150}},"88":{"start":{"line":200,"column":145},"end":{"line":200,"column":182}},"89":{"start":{"line":228,"column":43},"end":{"line":228,"column":65}},"90":{"start":{"line":229,"column":18},"end":{"line":233,"column":29}},"91":{"start":{"line":231,"column":22},"end":{"line":231,"column":77}},"92":{"start":{"line":250,"column":24},"end":{"line":256,"column":32}},"93":{"start":{"line":267,"column":1387},"end":{"line":267,"column":1423}},"94":{"start":{"line":267,"column":1803},"end":{"line":267,"column":1848}},"95":{"start":{"line":276,"column":370},"end":{"line":276,"column":397}},"96":{"start":{"line":302,"column":41},"end":{"line":302,"column":62}},"97":{"start":{"line":303,"column":16},"end":{"line":303,"column":71}}},"fnMap":{"0":{"name":"(anonymous_0)","decl":{"start":{"line":10,"column":24},"end":{"line":10,"column":25}},"loc":{"start":{"line":10,"column":40},"end":{"line":13,"column":1}},"line":10},"1":{"name":"(anonymous_1)","decl":{"start":{"line":16,"column":28},"end":{"line":16,"column":29}},"loc":{"start":{"line":16,"column":104},"end":{"line":317,"column":1}},"line":16},"2":{"name":"(anonymous_2)","decl":{"start":{"line":43,"column":12},"end":{"line":43,"column":13}},"loc":{"start":{"line":43,"column":18},"end":{"line":75,"column":3}},"line":43},"3":{"name":"(anonymous_3)","decl":{"start":{"line":82,"column":13},"end":{"line":82,"column":14}},"loc":{"start":{"line":82,"column":19},"end":{"line":82,"column":51}},"line":82},"4":{"name":"(anonymous_4)","decl":{"start":{"line":87,"column":16},"end":{"line":87,"column":17}},"loc":{"start":{"line":87,"column":37},"end":{"line":93,"column":5}},"line":87},"5":{"name":"(anonymous_5)","decl":{"start":{"line":94,"column":15},"end":{"line":94,"column":16}},"loc":{"start":{"line":94,"column":36},"end":{"line":101,"column":5}},"line":94},"6":{"name":"(anonymous_6)","decl":{"start":{"line":102,"column":13},"end":{"line":102,"column":14}},"loc":{"start":{"line":102,"column":24},"end":{"line":105,"column":5}},"line":102},"7":{"name":"(anonymous_7)","decl":{"start":{"line":108,"column":19},"end":{"line":108,"column":20}},"loc":{"start":{"line":108,"column":29},"end":{"line":148,"column":3}},"line":108},"8":{"name":"(anonymous_8)","decl":{"start":{"line":150,"column":26},"end":{"line":150,"column":27}},"loc":{"start":{"line":150,"column":32},"end":{"line":156,"column":3}},"line":150},"9":{"name":"(anonymous_9)","decl":{"start":{"line":158,"column":12},"end":{"line":158,"column":13}},"loc":{"start":{"line":158,"column":18},"end":{"line":169,"column":3}},"line":158},"10":{"name":"(anonymous_10)","decl":{"start":{"line":179,"column":25},"end":{"line":179,"column":26}},"loc":{"start":{"line":179,"column":31},"end":{"line":179,"column":182}},"line":179},"11":{"name":"(anonymous_11)","decl":{"start":{"line":186,"column":25},"end":{"line":186,"column":26}},"loc":{"start":{"line":186,"column":31},"end":{"line":186,"column":152}},"line":186},"12":{"name":"(anonymous_12)","decl":{"start":{"line":200,"column":136},"end":{"line":200,"column":137}},"loc":{"start":{"line":200,"column":145},"end":{"line":200,"column":182}},"line":200},"13":{"name":"(anonymous_13)","decl":{"start":{"line":228,"column":36},"end":{"line":228,"column":37}},"loc":{"start":{"line":228,"column":43},"end":{"line":228,"column":65}},"line":228},"14":{"name":"(anonymous_14)","decl":{"start":{"line":228,"column":71},"end":{"line":228,"column":72}},"loc":{"start":{"line":229,"column":18},"end":{"line":233,"column":29}},"line":229},"15":{"name":"(anonymous_15)","decl":{"start":{"line":230,"column":43},"end":{"line":230,"column":44}},"loc":{"start":{"line":231,"column":22},"end":{"line":231,"column":77}},"line":231},"16":{"name":"(anonymous_16)","decl":{"start":{"line":249,"column":68},"end":{"line":249,"column":69}},"loc":{"start":{"line":250,"column":24},"end":{"line":256,"column":32}},"line":250},"17":{"name":"(anonymous_17)","decl":{"start":{"line":267,"column":1382},"end":{"line":267,"column":1383}},"loc":{"start":{"line":267,"column":1387},"end":{"line":267,"column":1423}},"line":267},"18":{"name":"(anonymous_18)","decl":{"start":{"line":267,"column":1798},"end":{"line":267,"column":1799}},"loc":{"start":{"line":267,"column":1803},"end":{"line":267,"column":1848}},"line":267},"19":{"name":"(anonymous_19)","decl":{"start":{"line":276,"column":365},"end":{"line":276,"column":366}},"loc":{"start":{"line":276,"column":370},"end":{"line":276,"column":397}},"line":276},"20":{"name":"(anonymous_20)","decl":{"start":{"line":302,"column":34},"end":{"line":302,"column":35}},"loc":{"start":{"line":302,"column":41},"end":{"line":302,"column":62}},"line":302},"21":{"name":"(anonymous_21)","decl":{"start":{"line":302,"column":68},"end":{"line":302,"column":69}},"loc":{"start":{"line":303,"column":16},"end":{"line":303,"column":71}},"line":303}},"branchMap":{"0":{"loc":{"start":{"line":16,"column":48},"end":{"line":16,"column":71}},"type":"default-arg","locations":[{"start":{"line":16,"column":62},"end":{"line":16,"column":71}}],"line":16},"1":{"loc":{"start":{"line":16,"column":73},"end":{"line":16,"column":97}},"type":"default-arg","locations":[{"start":{"line":16,"column":93},"end":{"line":16,"column":97}}],"line":16},"2":{"loc":{"start":{"line":44,"column":4},"end":{"line":74,"column":5}},"type":"if","locations":[{"start":{"line":44,"column":4},"end":{"line":74,"column":5}},{"start":{"line":69,"column":11},"end":{"line":74,"column":5}}],"line":44},"3":{"loc":{"start":{"line":44,"column":8},"end":{"line":44,"column":39}},"type":"binary-expr","locations":[{"start":{"line":44,"column":8},"end":{"line":44,"column":18}},{"start":{"line":44,"column":22},"end":{"line":44,"column":39}}],"line":44},"4":{"loc":{"start":{"line":45,"column":25},"end":{"line":45,"column":97}},"type":"binary-expr","locations":[{"start":{"line":45,"column":25},"end":{"line":45,"column":47}},{"start":{"line":45,"column":51},"end":{"line":45,"column":84}},{"start":{"line":45,"column":88},"end":{"line":45,"column":97}}],"line":45},"5":{"loc":{"start":{"line":47,"column":20},"end":{"line":47,"column":88}},"type":"binary-expr","locations":[{"start":{"line":47,"column":20},"end":{"line":47,"column":53}},{"start":{"line":47,"column":57},"end":{"line":47,"column":88}}],"line":47},"6":{"loc":{"start":{"line":48,"column":20},"end":{"line":48,"column":82}},"type":"binary-expr","locations":[{"start":{"line":48,"column":20},"end":{"line":48,"column":50}},{"start":{"line":48,"column":54},"end":{"line":48,"column":82}}],"line":48},"7":{"loc":{"start":{"line":52,"column":14},"end":{"line":52,"column":128}},"type":"cond-expr","locations":[{"start":{"line":52,"column":39},"end":{"line":52,"column":93}},{"start":{"line":52,"column":96},"end":{"line":52,"column":128}}],"line":52},"8":{"loc":{"start":{"line":53,"column":21},"end":{"line":53,"column":56}},"type":"binary-expr","locations":[{"start":{"line":53,"column":21},"end":{"line":53,"column":50}},{"start":{"line":53,"column":54},"end":{"line":53,"column":56}}],"line":53},"9":{"loc":{"start":{"line":54,"column":23},"end":{"line":54,"column":123}},"type":"cond-expr","locations":[{"start":{"line":54,"column":113},"end":{"line":54,"column":118}},{"start":{"line":54,"column":121},"end":{"line":54,"column":123}}],"line":54},"10":{"loc":{"start":{"line":54,"column":23},"end":{"line":54,"column":110}},"type":"binary-expr","locations":[{"start":{"line":54,"column":23},"end":{"line":54,"column":59}},{"start":{"line":54,"column":63},"end":{"line":54,"column":110}}],"line":54},"11":{"loc":{"start":{"line":55,"column":20},"end":{"line":55,"column":118}},"type":"cond-expr","locations":[{"start":{"line":55,"column":108},"end":{"line":55,"column":113}},{"start":{"line":55,"column":116},"end":{"line":55,"column":118}}],"line":55},"12":{"loc":{"start":{"line":55,"column":20},"end":{"line":55,"column":105}},"type":"binary-expr","locations":[{"start":{"line":55,"column":20},"end":{"line":55,"column":55}},{"start":{"line":55,"column":59},"end":{"line":55,"column":105}}],"line":55},"13":{"loc":{"start":{"line":56,"column":23},"end":{"line":56,"column":60}},"type":"binary-expr","locations":[{"start":{"line":56,"column":23},"end":{"line":56,"column":54}},{"start":{"line":56,"column":58},"end":{"line":56,"column":60}}],"line":56},"14":{"loc":{"start":{"line":57,"column":27},"end":{"line":57,"column":68}},"type":"binary-expr","locations":[{"start":{"line":57,"column":27},"end":{"line":57,"column":56}},{"start":{"line":57,"column":60},"end":{"line":57,"column":68}}],"line":57},"15":{"loc":{"start":{"line":88,"column":27},"end":{"line":88,"column":81}},"type":"cond-expr","locations":[{"start":{"line":88,"column":59},"end":{"line":88,"column":69}},{"start":{"line":88,"column":72},"end":{"line":88,"column":81}}],"line":88},"16":{"loc":{"start":{"line":89,"column":6},"end":{"line":91,"column":7}},"type":"if","locations":[{"start":{"line":89,"column":6},"end":{"line":91,"column":7}},{"start":{},"end":{}}],"line":89},"17":{"loc":{"start":{"line":99,"column":40},"end":{"line":99,"column":72}},"type":"cond-expr","locations":[{"start":{"line":99,"column":53},"end":{"line":99,"column":62}},{"start":{"line":99,"column":65},"end":{"line":99,"column":72}}],"line":99},"18":{"loc":{"start":{"line":103,"column":29},"end":{"line":103,"column":63}},"type":"cond-expr","locations":[{"start":{"line":103,"column":42},"end":{"line":103,"column":52}},{"start":{"line":103,"column":55},"end":{"line":103,"column":63}}],"line":103},"19":{"loc":{"start":{"line":104,"column":19},"end":{"line":104,"column":116}},"type":"binary-expr","locations":[{"start":{"line":104,"column":19},"end":{"line":104,"column":48}},{"start":{"line":104,"column":52},"end":{"line":104,"column":116}}],"line":104},"20":{"loc":{"start":{"line":104,"column":65},"end":{"line":104,"column":94}},"type":"cond-expr","locations":[{"start":{"line":104,"column":78},"end":{"line":104,"column":86}},{"start":{"line":104,"column":89},"end":{"line":104,"column":94}}],"line":104},"21":{"loc":{"start":{"line":116,"column":4},"end":{"line":146,"column":5}},"type":"if","locations":[{"start":{"line":116,"column":4},"end":{"line":146,"column":5}},{"start":{"line":144,"column":11},"end":{"line":146,"column":5}}],"line":116},"22":{"loc":{"start":{"line":123,"column":6},"end":{"line":142,"column":7}},"type":"if","locations":[{"start":{"line":123,"column":6},"end":{"line":142,"column":7}},{"start":{"line":134,"column":13},"end":{"line":142,"column":7}}],"line":123},"23":{"loc":{"start":{"line":125,"column":8},"end":{"line":133,"column":9}},"type":"if","locations":[{"start":{"line":125,"column":8},"end":{"line":133,"column":9}},{"start":{"line":130,"column":15},"end":{"line":133,"column":9}}],"line":125},"24":{"loc":{"start":{"line":127,"column":29},"end":{"line":127,"column":75}},"type":"cond-expr","locations":[{"start":{"line":127,"column":45},"end":{"line":127,"column":71}},{"start":{"line":127,"column":74},"end":{"line":127,"column":75}}],"line":127},"25":{"loc":{"start":{"line":128,"column":10},"end":{"line":128,"column":83}},"type":"if","locations":[{"start":{"line":128,"column":10},"end":{"line":128,"column":83}},{"start":{},"end":{}}],"line":128},"26":{"loc":{"start":{"line":129,"column":10},"end":{"line":129,"column":125}},"type":"if","locations":[{"start":{"line":129,"column":10},"end":{"line":129,"column":125}},{"start":{},"end":{}}],"line":129},"27":{"loc":{"start":{"line":129,"column":13},"end":{"line":129,"column":60}},"type":"binary-expr","locations":[{"start":{"line":129,"column":13},"end":{"line":129,"column":25}},{"start":{"line":129,"column":29},"end":{"line":129,"column":60}}],"line":129},"28":{"loc":{"start":{"line":130,"column":15},"end":{"line":133,"column":9}},"type":"if","locations":[{"start":{"line":130,"column":15},"end":{"line":133,"column":9}},{"start":{},"end":{}}],"line":130},"29":{"loc":{"start":{"line":141,"column":31},"end":{"line":141,"column":113}},"type":"cond-expr","locations":[{"start":{"line":141,"column":64},"end":{"line":141,"column":80}},{"start":{"line":141,"column":83},"end":{"line":141,"column":113}}],"line":141},"30":{"loc":{"start":{"line":145,"column":27},"end":{"line":145,"column":81}},"type":"cond-expr","locations":[{"start":{"line":145,"column":45},"end":{"line":145,"column":74}},{"start":{"line":145,"column":77},"end":{"line":145,"column":81}}],"line":145},"31":{"loc":{"start":{"line":159,"column":4},"end":{"line":168,"column":5}},"type":"if","locations":[{"start":{"line":159,"column":4},"end":{"line":168,"column":5}},{"start":{},"end":{}}],"line":159},"32":{"loc":{"start":{"line":159,"column":8},"end":{"line":159,"column":52}},"type":"binary-expr","locations":[{"start":{"line":159,"column":8},"end":{"line":159,"column":37}},{"start":{"line":159,"column":41},"end":{"line":159,"column":52}}],"line":159},"33":{"loc":{"start":{"line":160,"column":8},"end":{"line":167,"column":9}},"type":"if","locations":[{"start":{"line":160,"column":8},"end":{"line":167,"column":9}},{"start":{"line":163,"column":15},"end":{"line":167,"column":9}}],"line":160},"34":{"loc":{"start":{"line":163,"column":15},"end":{"line":167,"column":9}},"type":"if","locations":[{"start":{"line":163,"column":15},"end":{"line":167,"column":9}},{"start":{"line":165,"column":15},"end":{"line":167,"column":9}}],"line":163},"35":{"loc":{"start":{"line":165,"column":15},"end":{"line":167,"column":9}},"type":"if","locations":[{"start":{"line":165,"column":15},"end":{"line":167,"column":9}},{"start":{},"end":{}}],"line":165},"36":{"loc":{"start":{"line":172,"column":60},"end":{"line":172,"column":196}},"type":"cond-expr","locations":[{"start":{"line":172,"column":73},"end":{"line":172,"column":133}},{"start":{"line":172,"column":136},"end":{"line":172,"column":196}}],"line":172},"37":{"loc":{"start":{"line":172,"column":82},"end":{"line":172,"column":131}},"type":"cond-expr","locations":[{"start":{"line":172,"column":114},"end":{"line":172,"column":121}},{"start":{"line":172,"column":124},"end":{"line":172,"column":131}}],"line":172},"38":{"loc":{"start":{"line":172,"column":145},"end":{"line":172,"column":194}},"type":"cond-expr","locations":[{"start":{"line":172,"column":177},"end":{"line":172,"column":184}},{"start":{"line":172,"column":187},"end":{"line":172,"column":194}}],"line":172},"39":{"loc":{"start":{"line":175,"column":9},"end":{"line":192,"column":9}},"type":"binary-expr","locations":[{"start":{"line":175,"column":9},"end":{"line":175,"column":20}},{"start":{"line":176,"column":12},"end":{"line":191,"column":18}}],"line":175},"40":{"loc":{"start":{"line":180,"column":96},"end":{"line":180,"column":197}},"type":"cond-expr","locations":[{"start":{"line":180,"column":128},"end":{"line":180,"column":161}},{"start":{"line":180,"column":164},"end":{"line":180,"column":197}}],"line":180},"41":{"loc":{"start":{"line":187,"column":96},"end":{"line":187,"column":200}},"type":"cond-expr","locations":[{"start":{"line":187,"column":127},"end":{"line":187,"column":162}},{"start":{"line":187,"column":165},"end":{"line":187,"column":200}}],"line":187},"42":{"loc":{"start":{"line":194,"column":9},"end":{"line":194,"column":99}},"type":"binary-expr","locations":[{"start":{"line":194,"column":9},"end":{"line":194,"column":18}},{"start":{"line":194,"column":22},"end":{"line":194,"column":99}}],"line":194},"43":{"loc":{"start":{"line":200,"column":145},"end":{"line":200,"column":182}},"type":"binary-expr","locations":[{"start":{"line":200,"column":145},"end":{"line":200,"column":154}},{"start":{"line":200,"column":158},"end":{"line":200,"column":182}}],"line":200},"44":{"loc":{"start":{"line":201,"column":75},"end":{"line":201,"column":187}},"type":"cond-expr","locations":[{"start":{"line":201,"column":91},"end":{"line":201,"column":126}},{"start":{"line":201,"column":129},"end":{"line":201,"column":187}}],"line":201},"45":{"loc":{"start":{"line":202,"column":17},"end":{"line":202,"column":102}},"type":"binary-expr","locations":[{"start":{"line":202,"column":17},"end":{"line":202,"column":30}},{"start":{"line":202,"column":34},"end":{"line":202,"column":102}}],"line":202},"46":{"loc":{"start":{"line":207,"column":75},"end":{"line":207,"column":185}},"type":"cond-expr","locations":[{"start":{"line":207,"column":89},"end":{"line":207,"column":124}},{"start":{"line":207,"column":127},"end":{"line":207,"column":185}}],"line":207},"47":{"loc":{"start":{"line":208,"column":17},"end":{"line":208,"column":98}},"type":"binary-expr","locations":[{"start":{"line":208,"column":17},"end":{"line":208,"column":28}},{"start":{"line":208,"column":32},"end":{"line":208,"column":98}}],"line":208},"48":{"loc":{"start":{"line":218,"column":9},"end":{"line":291,"column":9}},"type":"binary-expr","locations":[{"start":{"line":218,"column":9},"end":{"line":218,"column":38}},{"start":{"line":219,"column":10},"end":{"line":290,"column":13}}],"line":218},"49":{"loc":{"start":{"line":224,"column":80},"end":{"line":224,"column":199}},"type":"cond-expr","locations":[{"start":{"line":224,"column":103},"end":{"line":224,"column":138}},{"start":{"line":224,"column":141},"end":{"line":224,"column":199}}],"line":224},"50":{"loc":{"start":{"line":227,"column":34},"end":{"line":227,"column":90}},"type":"cond-expr","locations":[{"start":{"line":227,"column":56},"end":{"line":227,"column":74}},{"start":{"line":227,"column":77},"end":{"line":227,"column":90}}],"line":227},"51":{"loc":{"start":{"line":236,"column":15},"end":{"line":236,"column":114}},"type":"binary-expr","locations":[{"start":{"line":236,"column":15},"end":{"line":236,"column":35}},{"start":{"line":236,"column":39},"end":{"line":236,"column":114}}],"line":236},"52":{"loc":{"start":{"line":244,"column":13},"end":{"line":260,"column":13}},"type":"binary-expr","locations":[{"start":{"line":244,"column":13},"end":{"line":244,"column":24}},{"start":{"line":245,"column":16},"end":{"line":259,"column":22}}],"line":244},"53":{"loc":{"start":{"line":254,"column":33},"end":{"line":254,"column":108}},"type":"cond-expr","locations":[{"start":{"line":254,"column":53},"end":{"line":254,"column":63}},{"start":{"line":254,"column":66},"end":{"line":254,"column":108}}],"line":254},"54":{"loc":{"start":{"line":254,"column":66},"end":{"line":254,"column":108}},"type":"cond-expr","locations":[{"start":{"line":254,"column":89},"end":{"line":254,"column":96}},{"start":{"line":254,"column":99},"end":{"line":254,"column":108}}],"line":254},"55":{"loc":{"start":{"line":263,"column":13},"end":{"line":269,"column":13}},"type":"binary-expr","locations":[{"start":{"line":263,"column":13},"end":{"line":263,"column":53}},{"start":{"line":263,"column":57},"end":{"line":263,"column":68}},{"start":{"line":264,"column":14},"end":{"line":268,"column":20}}],"line":263},"56":{"loc":{"start":{"line":267,"column":222},"end":{"line":267,"column":290}},"type":"cond-expr","locations":[{"start":{"line":267,"column":265},"end":{"line":267,"column":282}},{"start":{"line":267,"column":285},"end":{"line":267,"column":290}}],"line":267},"57":{"loc":{"start":{"line":267,"column":357},"end":{"line":267,"column":413}},"type":"cond-expr","locations":[{"start":{"line":267,"column":376},"end":{"line":267,"column":392}},{"start":{"line":267,"column":395},"end":{"line":267,"column":413}}],"line":267},"58":{"loc":{"start":{"line":267,"column":707},"end":{"line":267,"column":798}},"type":"binary-expr","locations":[{"start":{"line":267,"column":707},"end":{"line":267,"column":723}},{"start":{"line":267,"column":727},"end":{"line":267,"column":798}}],"line":267},"59":{"loc":{"start":{"line":267,"column":1387},"end":{"line":267,"column":1423}},"type":"binary-expr","locations":[{"start":{"line":267,"column":1387},"end":{"line":267,"column":1389}},{"start":{"line":267,"column":1393},"end":{"line":267,"column":1398}},{"start":{"line":267,"column":1402},"end":{"line":267,"column":1423}}],"line":267},"60":{"loc":{"start":{"line":267,"column":1523},"end":{"line":267,"column":1618}},"type":"binary-expr","locations":[{"start":{"line":267,"column":1523},"end":{"line":267,"column":1541}},{"start":{"line":267,"column":1545},"end":{"line":267,"column":1618}}],"line":267},"61":{"loc":{"start":{"line":267,"column":1803},"end":{"line":267,"column":1848}},"type":"binary-expr","locations":[{"start":{"line":267,"column":1803},"end":{"line":267,"column":1805}},{"start":{"line":267,"column":1809},"end":{"line":267,"column":1829}},{"start":{"line":267,"column":1833},"end":{"line":267,"column":1848}}],"line":267},"62":{"loc":{"start":{"line":267,"column":1922},"end":{"line":267,"column":2009}},"type":"binary-expr","locations":[{"start":{"line":267,"column":1922},"end":{"line":267,"column":1936}},{"start":{"line":267,"column":1940},"end":{"line":267,"column":2009}}],"line":267},"63":{"loc":{"start":{"line":272,"column":13},"end":{"line":278,"column":13}},"type":"binary-expr","locations":[{"start":{"line":272,"column":13},"end":{"line":272,"column":55}},{"start":{"line":272,"column":59},"end":{"line":272,"column":70}},{"start":{"line":273,"column":14},"end":{"line":277,"column":20}}],"line":272},"64":{"loc":{"start":{"line":276,"column":259},"end":{"line":276,"column":332}},"type":"cond-expr","locations":[{"start":{"line":276,"column":304},"end":{"line":276,"column":324}},{"start":{"line":276,"column":327},"end":{"line":276,"column":332}}],"line":276},"65":{"loc":{"start":{"line":276,"column":370},"end":{"line":276,"column":397}},"type":"binary-expr","locations":[{"start":{"line":276,"column":370},"end":{"line":276,"column":375}},{"start":{"line":276,"column":379},"end":{"line":276,"column":397}}],"line":276},"66":{"loc":{"start":{"line":276,"column":455},"end":{"line":276,"column":513}},"type":"cond-expr","locations":[{"start":{"line":276,"column":476},"end":{"line":276,"column":492}},{"start":{"line":276,"column":495},"end":{"line":276,"column":513}}],"line":276},"67":{"loc":{"start":{"line":276,"column":538},"end":{"line":276,"column":633}},"type":"binary-expr","locations":[{"start":{"line":276,"column":538},"end":{"line":276,"column":556}},{"start":{"line":276,"column":560},"end":{"line":276,"column":633}}],"line":276},"68":{"loc":{"start":{"line":276,"column":832},"end":{"line":276,"column":908}},"type":"cond-expr","locations":[{"start":{"line":276,"column":877},"end":{"line":276,"column":900}},{"start":{"line":276,"column":903},"end":{"line":276,"column":908}}],"line":276},"69":{"loc":{"start":{"line":276,"column":1033},"end":{"line":276,"column":1100}},"type":"cond-expr","locations":[{"start":{"line":276,"column":1063},"end":{"line":276,"column":1079}},{"start":{"line":276,"column":1082},"end":{"line":276,"column":1100}}],"line":276},"70":{"loc":{"start":{"line":276,"column":1131},"end":{"line":276,"column":1244}},"type":"binary-expr","locations":[{"start":{"line":276,"column":1131},"end":{"line":276,"column":1158}},{"start":{"line":276,"column":1162},"end":{"line":276,"column":1244}}],"line":276},"71":{"loc":{"start":{"line":281,"column":13},"end":{"line":289,"column":13}},"type":"binary-expr","locations":[{"start":{"line":281,"column":13},"end":{"line":281,"column":23}},{"start":{"line":281,"column":27},"end":{"line":281,"column":44}},{"start":{"line":281,"column":49},"end":{"line":281,"column":103}},{"start":{"line":281,"column":107},"end":{"line":281,"column":163}},{"start":{"line":282,"column":17},"end":{"line":288,"column":23}}],"line":281},"72":{"loc":{"start":{"line":293,"column":9},"end":{"line":307,"column":9}},"type":"binary-expr","locations":[{"start":{"line":293,"column":9},"end":{"line":293,"column":37}},{"start":{"line":294,"column":10},"end":{"line":306,"column":16}}],"line":293},"73":{"loc":{"start":{"line":301,"column":32},"end":{"line":301,"column":107}},"type":"cond-expr","locations":[{"start":{"line":301,"column":54},"end":{"line":301,"column":72}},{"start":{"line":301,"column":75},"end":{"line":301,"column":107}}],"line":301},"74":{"loc":{"start":{"line":312,"column":42},"end":{"line":312,"column":76}},"type":"binary-expr","locations":[{"start":{"line":312,"column":42},"end":{"line":312,"column":60}},{"start":{"line":312,"column":64},"end":{"line":312,"column":76}}],"line":312},"75":{"loc":{"start":{"line":312,"column":338},"end":{"line":312,"column":882}},"type":"cond-expr","locations":[{"start":{"line":312,"column":377},"end":{"line":312,"column":795}},{"start":{"line":312,"column":802},"end":{"line":312,"column":880}}],"line":312},"76":{"loc":{"start":{"line":312,"column":338},"end":{"line":312,"column":372}},"type":"binary-expr","locations":[{"start":{"line":312,"column":338},"end":{"line":312,"column":356}},{"start":{"line":312,"column":360},"end":{"line":312,"column":372}}],"line":312},"77":{"loc":{"start":{"line":312,"column":848},"end":{"line":312,"column":876}},"type":"cond-expr","locations":[{"start":{"line":312,"column":861},"end":{"line":312,"column":867}},{"start":{"line":312,"column":870},"end":{"line":312,"column":876}}],"line":312}},"s":{"0":0,"1":0,"2":0,"3":0,"4":0,"5":0,"6":0,"7":0,"8":0,"9":0,"10":0,"11":0,"12":0,"13":0,"14":0,"15":0,"16":0,"17":0,"18":0,"19":0,"20":0,"21":0,"22":0,"23":0,"24":0,"25":0,"26":0,"27":0,"28":0,"29":0,"30":0,"31":0,"32":0,"33":0,"34":0,"35":0,"36":0,"37":0,"38":0,"39":0,"40":0,"41":0,"42":0,"43":0,"44":0,"45":0,"46":0,"47":0,"48":0,"49":0,"50":0,"51":0,"52":0,"53":0,"54":0,"55":0,"56":0,"57":0,"58":0,"59":0,"60":0,"61":0,"62":0,"63":0,"64":0,"65":0,"66":0,"67":0,"68":0,"69":0,"70":0,"71":0,"72":0,"73":0,"74":0,"75":0,"76":0,"77":0,"78":0,"79":0,"80":0,"81":0,"82":0,"83":0,"84":0,"85":0,"86":0,"87":0,"88":0,"89":0,"90":0,"91":0,"92":0,"93":0,"94":0,"95":0,"96":0,"97":0},"f":{"0":0,"1":0,"2":0,"3":0,"4":0,"5":0,"6":0,"7":0,"8":0,"9":0,"10":0,"11":0,"12":0,"13":0,"14":0,"15":0,"16":0,"17":0,"18":0,"19":0,"20":0,"21":0},"b":{"0":[0],"1":[0],"2":[0,0],"3":[0,0],"4":[0,0,0],"5":[0,0],"6":[0,0],"7":[0,0],"8":[0,0],"9":[0,0],"10":[0,0],"11":[0,0],"12":[0,0],"13":[0,0],"14":[0,0],"15":[0,0],"16":[0,0],"17":[0,0],"18":[0,0],"19":[0,0],"20":[0,0],"21":[0,0],"22":[0,0],"23":[0,0],"24":[0,0],"25":[0,0],"26":[0,0],"27":[0,0],"28":[0,0],"29":[0,0],"30":[0,0],"31":[0,0],"32":[0,0],"33":[0,0],"34":[0,0],"35":[0,0],"36":[0,0],"37":[0,0],"38":[0,0],"39":[0,0],"40":[0,0],"41":[0,0],"42":[0,0],"43":[0,0],"44":[0,0],"45":[0,0],"46":[0,0],"47":[0,0],"48":[0,0],"49":[0,0],"50":[0,0],"51":[0,0],"52":[0,0],"53":[0,0],"54":[0,0],"55":[0,0,0],"56":[0,0],"57":[0,0],"58":[0,0],"59":[0,0,0],"60":[0,0],"61":[0,0,0],"62":[0,0],"63":[0,0,0],"64":[0,0],"65":[0,0],"66":[0,0],"67":[0,0],"68":[0,0],"69":[0,0],"70":[0,0],"71":[0,0,0,0,0],"72":[0,0],"73":[0,0],"74":[0,0],"75":[0,0],"76":[0,0],"77":[0,0]}}
,"C:\\Users\\a0526\\DEV\\family-budget-app-ts-minimal\\frontend\\src\\components\\ui\\Modal.jsx": {"path":"C:\\Users\\a0526\\DEV\\family-budget-app-ts-minimal\\frontend\\src\\components\\ui\\Modal.jsx","statementMap":{"0":{"start":{"line":5,"column":14},"end":{"line":57,"column":1}},"1":{"start":{"line":6,"column":2},"end":{"line":18,"column":24}},"2":{"start":{"line":7,"column":25},"end":{"line":11,"column":5}},"3":{"start":{"line":8,"column":6},"end":{"line":10,"column":7}},"4":{"start":{"line":9,"column":8},"end":{"line":9,"column":18}},"5":{"start":{"line":12,"column":4},"end":{"line":14,"column":5}},"6":{"start":{"line":13,"column":6},"end":{"line":13,"column":57}},"7":{"start":{"line":15,"column":4},"end":{"line":17,"column":6}},"8":{"start":{"line":16,"column":6},"end":{"line":16,"column":60}},"9":{"start":{"line":20,"column":2},"end":{"line":20,"column":27}},"10":{"start":{"line":20,"column":15},"end":{"line":20,"column":27}},"11":{"start":{"line":22,"column":22},"end":{"line":28,"column":3}},"12":{"start":{"line":30,"column":2},"end":{"line":56,"column":4}},"13":{"start":{"line":37,"column":24},"end":{"line":37,"column":43}}},"fnMap":{"0":{"name":"(anonymous_0)","decl":{"start":{"line":5,"column":14},"end":{"line":5,"column":15}},"loc":{"start":{"line":5,"column":69},"end":{"line":57,"column":1}},"line":5},"1":{"name":"(anonymous_1)","decl":{"start":{"line":6,"column":12},"end":{"line":6,"column":13}},"loc":{"start":{"line":6,"column":18},"end":{"line":18,"column":3}},"line":6},"2":{"name":"(anonymous_2)","decl":{"start":{"line":7,"column":25},"end":{"line":7,"column":26}},"loc":{"start":{"line":7,"column":36},"end":{"line":11,"column":5}},"line":7},"3":{"name":"(anonymous_3)","decl":{"start":{"line":15,"column":11},"end":{"line":15,"column":12}},"loc":{"start":{"line":15,"column":17},"end":{"line":17,"column":5}},"line":15},"4":{"name":"(anonymous_4)","decl":{"start":{"line":37,"column":17},"end":{"line":37,"column":18}},"loc":{"start":{"line":37,"column":24},"end":{"line":37,"column":43}},"line":37}},"branchMap":{"0":{"loc":{"start":{"line":5,"column":51},"end":{"line":5,"column":62}},"type":"default-arg","locations":[{"start":{"line":5,"column":58},"end":{"line":5,"column":62}}],"line":5},"1":{"loc":{"start":{"line":8,"column":6},"end":{"line":10,"column":7}},"type":"if","locations":[{"start":{"line":8,"column":6},"end":{"line":10,"column":7}},{"start":{},"end":{}}],"line":8},"2":{"loc":{"start":{"line":12,"column":4},"end":{"line":14,"column":5}},"type":"if","locations":[{"start":{"line":12,"column":4},"end":{"line":14,"column":5}},{"start":{},"end":{}}],"line":12},"3":{"loc":{"start":{"line":20,"column":2},"end":{"line":20,"column":27}},"type":"if","locations":[{"start":{"line":20,"column":2},"end":{"line":20,"column":27}},{"start":{},"end":{}}],"line":20},"4":{"loc":{"start":{"line":36,"column":76},"end":{"line":36,"column":111}},"type":"binary-expr","locations":[{"start":{"line":36,"column":76},"end":{"line":36,"column":93}},{"start":{"line":36,"column":97},"end":{"line":36,"column":111}}],"line":36}},"s":{"0":0,"1":0,"2":0,"3":0,"4":0,"5":0,"6":0,"7":0,"8":0,"9":0,"10":0,"11":0,"12":0,"13":0},"f":{"0":0,"1":0,"2":0,"3":0,"4":0},"b":{"0":[0],"1":[0,0],"2":[0,0],"3":[0,0],"4":[0,0]}}
,"C:\\Users\\a0526\\DEV\\family-budget-app-ts-minimal\\frontend\\src\\contexts\\AuthContext.jsx": {"path":"C:\\Users\\a0526\\DEV\\family-budget-app-ts-minimal\\frontend\\src\\contexts\\AuthContext.jsx","statementMap":{"0":{"start":{"line":5,"column":20},"end":{"line":5,"column":39}},"1":{"start":{"line":7,"column":28},"end":{"line":98,"column":1}},"2":{"start":{"line":8,"column":26},"end":{"line":8,"column":40}},"3":{"start":{"line":9,"column":28},"end":{"line":9,"column":71}},"4":{"start":{"line":10,"column":36},"end":{"line":10,"column":50}},"5":{"start":{"line":12,"column":17},"end":{"line":18,"column":8}},"6":{"start":{"line":13,"column":4},"end":{"line":13,"column":41}},"7":{"start":{"line":14,"column":4},"end":{"line":14,"column":19}},"8":{"start":{"line":15,"column":4},"end":{"line":15,"column":18}},"9":{"start":{"line":16,"column":4},"end":{"line":16,"column":62}},"10":{"start":{"line":17,"column":4},"end":{"line":17,"column":35}},"11":{"start":{"line":20,"column":27},"end":{"line":38,"column":14}},"12":{"start":{"line":21,"column":4},"end":{"line":25,"column":5}},"13":{"start":{"line":22,"column":6},"end":{"line":22,"column":20}},"14":{"start":{"line":23,"column":6},"end":{"line":23,"column":26}},"15":{"start":{"line":24,"column":6},"end":{"line":24,"column":13}},"16":{"start":{"line":26,"column":4},"end":{"line":26,"column":23}},"17":{"start":{"line":27,"column":4},"end":{"line":27,"column":82}},"18":{"start":{"line":28,"column":4},"end":{"line":37,"column":5}},"19":{"start":{"line":29,"column":23},"end":{"line":29,"column":59}},"20":{"start":{"line":30,"column":6},"end":{"line":30,"column":20}},"21":{"start":{"line":31,"column":6},"end":{"line":31,"column":29}},"22":{"start":{"line":33,"column":6},"end":{"line":33,"column":110}},"23":{"start":{"line":34,"column":6},"end":{"line":34,"column":15}},"24":{"start":{"line":36,"column":6},"end":{"line":36,"column":26}},"25":{"start":{"line":40,"column":2},"end":{"line":47,"column":25}},"26":{"start":{"line":41,"column":25},"end":{"line":41,"column":58}},"27":{"start":{"line":42,"column":4},"end":{"line":46,"column":5}},"28":{"start":{"line":43,"column":6},"end":{"line":43,"column":37}},"29":{"start":{"line":45,"column":6},"end":{"line":45,"column":26}},"30":{"start":{"line":49,"column":16},"end":{"line":71,"column":3}},"31":{"start":{"line":50,"column":4},"end":{"line":50,"column":23}},"32":{"start":{"line":51,"column":4},"end":{"line":70,"column":5}},"33":{"start":{"line":52,"column":23},"end":{"line":52,"column":79}},"34":{"start":{"line":53,"column":50},"end":{"line":53,"column":63}},"35":{"start":{"line":55,"column":6},"end":{"line":57,"column":7}},"36":{"start":{"line":56,"column":8},"end":{"line":56,"column":70}},"37":{"start":{"line":59,"column":6},"end":{"line":59,"column":50}},"38":{"start":{"line":60,"column":6},"end":{"line":60,"column":25}},"39":{"start":{"line":61,"column":6},"end":{"line":61,"column":24}},"40":{"start":{"line":62,"column":6},"end":{"line":62,"column":80}},"41":{"start":{"line":63,"column":6},"end":{"line":63,"column":26}},"42":{"start":{"line":64,"column":6},"end":{"line":64,"column":47}},"43":{"start":{"line":66,"column":6},"end":{"line":66,"column":85}},"44":{"start":{"line":67,"column":6},"end":{"line":67,"column":26}},"45":{"start":{"line":68,"column":6},"end":{"line":68,"column":15}},"46":{"start":{"line":69,"column":6},"end":{"line":69,"column":90}},"47":{"start":{"line":73,"column":17},"end":{"line":84,"column":3}},"48":{"start":{"line":74,"column":4},"end":{"line":74,"column":23}},"49":{"start":{"line":75,"column":4},"end":{"line":83,"column":5}},"50":{"start":{"line":76,"column":23},"end":{"line":76,"column":86}},"51":{"start":{"line":77,"column":6},"end":{"line":77,"column":26}},"52":{"start":{"line":78,"column":6},"end":{"line":78,"column":52}},"53":{"start":{"line":80,"column":6},"end":{"line":80,"column":86}},"54":{"start":{"line":81,"column":6},"end":{"line":81,"column":26}},"55":{"start":{"line":82,"column":6},"end":{"line":82,"column":91}},"56":{"start":{"line":86,"column":16},"end":{"line":95,"column":3}},"57":{"start":{"line":97,"column":2},"end":{"line":97,"column":79}},"58":{"start":{"line":100,"column":23},"end":{"line":106,"column":1}},"59":{"start":{"line":101,"column":18},"end":{"line":101,"column":41}},"60":{"start":{"line":102,"column":2},"end":{"line":104,"column":3}},"61":{"start":{"line":103,"column":4},"end":{"line":103,"column":67}},"62":{"start":{"line":105,"column":2},"end":{"line":105,"column":17}}},"fnMap":{"0":{"name":"(anonymous_0)","decl":{"start":{"line":7,"column":28},"end":{"line":7,"column":29}},"loc":{"start":{"line":7,"column":46},"end":{"line":98,"column":1}},"line":7},"1":{"name":"(anonymous_1)","decl":{"start":{"line":12,"column":29},"end":{"line":12,"column":30}},"loc":{"start":{"line":12,"column":35},"end":{"line":18,"column":3}},"line":12},"2":{"name":"(anonymous_2)","decl":{"start":{"line":20,"column":39},"end":{"line":20,"column":40}},"loc":{"start":{"line":20,"column":63},"end":{"line":38,"column":3}},"line":20},"3":{"name":"(anonymous_3)","decl":{"start":{"line":40,"column":12},"end":{"line":40,"column":13}},"loc":{"start":{"line":40,"column":18},"end":{"line":47,"column":3}},"line":40},"4":{"name":"(anonymous_4)","decl":{"start":{"line":49,"column":16},"end":{"line":49,"column":17}},"loc":{"start":{"line":49,"column":43},"end":{"line":71,"column":3}},"line":49},"5":{"name":"(anonymous_5)","decl":{"start":{"line":73,"column":17},"end":{"line":73,"column":18}},"loc":{"start":{"line":73,"column":50},"end":{"line":84,"column":3}},"line":73},"6":{"name":"(anonymous_6)","decl":{"start":{"line":100,"column":23},"end":{"line":100,"column":24}},"loc":{"start":{"line":100,"column":29},"end":{"line":106,"column":1}},"line":100}},"branchMap":{"0":{"loc":{"start":{"line":21,"column":4},"end":{"line":25,"column":5}},"type":"if","locations":[{"start":{"line":21,"column":4},"end":{"line":25,"column":5}},{"start":{},"end":{}}],"line":21},"1":{"loc":{"start":{"line":33,"column":62},"end":{"line":33,"column":108}},"type":"binary-expr","locations":[{"start":{"line":33,"column":62},"end":{"line":33,"column":91}},{"start":{"line":33,"column":95},"end":{"line":33,"column":108}}],"line":33},"2":{"loc":{"start":{"line":42,"column":4},"end":{"line":46,"column":5}},"type":"if","locations":[{"start":{"line":42,"column":4},"end":{"line":46,"column":5}},{"start":{"line":44,"column":11},"end":{"line":46,"column":5}}],"line":42},"3":{"loc":{"start":{"line":55,"column":6},"end":{"line":57,"column":7}},"type":"if","locations":[{"start":{"line":55,"column":6},"end":{"line":57,"column":7}},{"start":{},"end":{}}],"line":55},"4":{"loc":{"start":{"line":55,"column":10},"end":{"line":55,"column":32}},"type":"binary-expr","locations":[{"start":{"line":55,"column":10},"end":{"line":55,"column":19}},{"start":{"line":55,"column":23},"end":{"line":55,"column":32}}],"line":55},"5":{"loc":{"start":{"line":66,"column":37},"end":{"line":66,"column":83}},"type":"binary-expr","locations":[{"start":{"line":66,"column":37},"end":{"line":66,"column":66}},{"start":{"line":66,"column":70},"end":{"line":66,"column":83}}],"line":66},"6":{"loc":{"start":{"line":69,"column":40},"end":{"line":69,"column":87}},"type":"binary-expr","locations":[{"start":{"line":69,"column":40},"end":{"line":69,"column":69}},{"start":{"line":69,"column":73},"end":{"line":69,"column":87}}],"line":69},"7":{"loc":{"start":{"line":80,"column":38},"end":{"line":80,"column":84}},"type":"binary-expr","locations":[{"start":{"line":80,"column":38},"end":{"line":80,"column":67}},{"start":{"line":80,"column":71},"end":{"line":80,"column":84}}],"line":80},"8":{"loc":{"start":{"line":82,"column":40},"end":{"line":82,"column":88}},"type":"binary-expr","locations":[{"start":{"line":82,"column":40},"end":{"line":82,"column":69}},{"start":{"line":82,"column":73},"end":{"line":82,"column":88}}],"line":82},"9":{"loc":{"start":{"line":93,"column":21},"end":{"line":93,"column":41}},"type":"binary-expr","locations":[{"start":{"line":93,"column":21},"end":{"line":93,"column":31}},{"start":{"line":93,"column":35},"end":{"line":93,"column":41}}],"line":93},"10":{"loc":{"start":{"line":102,"column":2},"end":{"line":104,"column":3}},"type":"if","locations":[{"start":{"line":102,"column":2},"end":{"line":104,"column":3}},{"start":{},"end":{}}],"line":102},"11":{"loc":{"start":{"line":102,"column":6},"end":{"line":102,"column":47}},"type":"binary-expr","locations":[{"start":{"line":102,"column":6},"end":{"line":102,"column":27}},{"start":{"line":102,"column":31},"end":{"line":102,"column":47}}],"line":102}},"s":{"0":1,"1":1,"2":25,"3":25,"4":25,"5":25,"6":3,"7":3,"8":3,"9":3,"10":3,"11":25,"12":3,"13":0,"14":0,"15":0,"16":3,"17":3,"18":3,"19":3,"20":2,"21":2,"22":1,"23":1,"24":3,"25":25,"26":8,"27":8,"28":3,"29":5,"30":25,"31":2,"32":2,"33":2,"34":1,"35":1,"36":0,"37":1,"38":1,"39":1,"40":1,"41":1,"42":1,"43":1,"44":1,"45":1,"46":1,"47":25,"48":2,"49":2,"50":2,"51":1,"52":1,"53":1,"54":1,"55":1,"56":25,"57":25,"58":1,"59":28,"60":27,"61":2,"62":25},"f":{"0":25,"1":3,"2":3,"3":8,"4":2,"5":2,"6":28},"b":{"0":[0,3],"1":[1,1],"2":[3,5],"3":[0,1],"4":[1,1],"5":[1,0],"6":[1,0],"7":[1,0],"8":[1,0],"9":[25,13],"10":[2,25],"11":[27,27]},"_coverageSchema":"1a1c01bbd47fc00a2c39e90264f33305004495a9","hash":"2ac5241615418328b3898ac52bbd39db8a848c31"}
,"C:\\Users\\a0526\\DEV\\family-budget-app-ts-minimal\\frontend\\src\\hooks\\useDashboardData.jsx": {"path":"C:\\Users\\a0526\\DEV\\family-budget-app-ts-minimal\\frontend\\src\\hooks\\useDashboardData.jsx","statementMap":{"0":{"start":{"line":5,"column":30},"end":{"line":8,"column":1}},"1":{"start":{"line":6,"column":19},"end":{"line":6,"column":77}},"2":{"start":{"line":7,"column":2},"end":{"line":7,"column":14}},"3":{"start":{"line":10,"column":32},"end":{"line":13,"column":1}},"4":{"start":{"line":11,"column":19},"end":{"line":11,"column":87}},"5":{"start":{"line":12,"column":2},"end":{"line":12,"column":14}},"6":{"start":{"line":15,"column":33},"end":{"line":18,"column":1}},"7":{"start":{"line":16,"column":19},"end":{"line":16,"column":90}},"8":{"start":{"line":17,"column":2},"end":{"line":17,"column":14}},"9":{"start":{"line":20,"column":35},"end":{"line":26,"column":1}},"10":{"start":{"line":21,"column":2},"end":{"line":25,"column":5}},"11":{"start":{"line":23,"column":19},"end":{"line":23,"column":48}},"12":{"start":{"line":28,"column":37},"end":{"line":33,"column":1}},"13":{"start":{"line":29,"column":2},"end":{"line":32,"column":5}},"14":{"start":{"line":31,"column":19},"end":{"line":31,"column":49}},"15":{"start":{"line":35,"column":38},"end":{"line":40,"column":1}},"16":{"start":{"line":36,"column":2},"end":{"line":39,"column":5}},"17":{"start":{"line":38,"column":19},"end":{"line":38,"column":51}}},"fnMap":{"0":{"name":"(anonymous_0)","decl":{"start":{"line":5,"column":30},"end":{"line":5,"column":31}},"loc":{"start":{"line":5,"column":66},"end":{"line":8,"column":1}},"line":5},"1":{"name":"(anonymous_1)","decl":{"start":{"line":10,"column":32},"end":{"line":10,"column":33}},"loc":{"start":{"line":10,"column":53},"end":{"line":13,"column":1}},"line":10},"2":{"name":"(anonymous_2)","decl":{"start":{"line":15,"column":33},"end":{"line":15,"column":34}},"loc":{"start":{"line":15,"column":69},"end":{"line":18,"column":1}},"line":15},"3":{"name":"(anonymous_3)","decl":{"start":{"line":20,"column":35},"end":{"line":20,"column":36}},"loc":{"start":{"line":20,"column":65},"end":{"line":26,"column":1}},"line":20},"4":{"name":"(anonymous_4)","decl":{"start":{"line":23,"column":13},"end":{"line":23,"column":14}},"loc":{"start":{"line":23,"column":19},"end":{"line":23,"column":48}},"line":23},"5":{"name":"(anonymous_5)","decl":{"start":{"line":28,"column":37},"end":{"line":28,"column":38}},"loc":{"start":{"line":28,"column":52},"end":{"line":33,"column":1}},"line":28},"6":{"name":"(anonymous_6)","decl":{"start":{"line":31,"column":13},"end":{"line":31,"column":14}},"loc":{"start":{"line":31,"column":19},"end":{"line":31,"column":49}},"line":31},"7":{"name":"(anonymous_7)","decl":{"start":{"line":35,"column":38},"end":{"line":35,"column":39}},"loc":{"start":{"line":35,"column":68},"end":{"line":40,"column":1}},"line":35},"8":{"name":"(anonymous_8)","decl":{"start":{"line":38,"column":13},"end":{"line":38,"column":14}},"loc":{"start":{"line":38,"column":19},"end":{"line":38,"column":51}},"line":38}},"branchMap":{"0":{"loc":{"start":{"line":5,"column":37},"end":{"line":5,"column":61}},"type":"default-arg","locations":[{"start":{"line":5,"column":46},"end":{"line":5,"column":61}}],"line":5},"1":{"loc":{"start":{"line":10,"column":39},"end":{"line":10,"column":48}},"type":"default-arg","locations":[{"start":{"line":10,"column":47},"end":{"line":10,"column":48}}],"line":10},"2":{"loc":{"start":{"line":15,"column":40},"end":{"line":15,"column":64}},"type":"default-arg","locations":[{"start":{"line":15,"column":49},"end":{"line":15,"column":64}}],"line":15},"3":{"loc":{"start":{"line":20,"column":36},"end":{"line":20,"column":60}},"type":"default-arg","locations":[{"start":{"line":20,"column":45},"end":{"line":20,"column":60}}],"line":20},"4":{"loc":{"start":{"line":28,"column":38},"end":{"line":28,"column":47}},"type":"default-arg","locations":[{"start":{"line":28,"column":46},"end":{"line":28,"column":47}}],"line":28},"5":{"loc":{"start":{"line":35,"column":39},"end":{"line":35,"column":63}},"type":"default-arg","locations":[{"start":{"line":35,"column":48},"end":{"line":35,"column":63}}],"line":35}},"s":{"0":0,"1":0,"2":0,"3":0,"4":0,"5":0,"6":0,"7":0,"8":0,"9":0,"10":0,"11":0,"12":0,"13":0,"14":0,"15":0,"16":0,"17":0},"f":{"0":0,"1":0,"2":0,"3":0,"4":0,"5":0,"6":0,"7":0,"8":0},"b":{"0":[0],"1":[0],"2":[0],"3":[0],"4":[0],"5":[0]}}
,"C:\\Users\\a0526\\DEV\\family-budget-app-ts-minimal\\frontend\\src\\pages\\DashboardPage.jsx": {"path":"C:\\Users\\a0526\\DEV\\family-budget-app-ts-minimal\\frontend\\src\\pages\\DashboardPage.jsx","statementMap":{"0":{"start":{"line":12,"column":23},"end":{"line":15,"column":1}},"1":{"start":{"line":13,"column":2},"end":{"line":13,"column":102}},"2":{"start":{"line":13,"column":76},"end":{"line":13,"column":102}},"3":{"start":{"line":14,"column":2},"end":{"line":14,"column":125}},"4":{"start":{"line":18,"column":26},"end":{"line":50,"column":1}},"5":{"start":{"line":19,"column":17},"end":{"line":19,"column":30}},"6":{"start":{"line":20,"column":110},"end":{"line":20,"column":115}},"7":{"start":{"line":21,"column":2},"end":{"line":21,"column":69}},"8":{"start":{"line":21,"column":57},"end":{"line":21,"column":69}},"9":{"start":{"line":23,"column":14},"end":{"line":23,"column":42}},"10":{"start":{"line":24,"column":14},"end":{"line":24,"column":42}},"11":{"start":{"line":25,"column":13},"end":{"line":25,"column":41}},"12":{"start":{"line":26,"column":13},"end":{"line":26,"column":41}},"13":{"start":{"line":27,"column":13},"end":{"line":27,"column":42}},"14":{"start":{"line":28,"column":13},"end":{"line":28,"column":42}},"15":{"start":{"line":29,"column":13},"end":{"line":29,"column":42}},"16":{"start":{"line":30,"column":13},"end":{"line":30,"column":15}},"17":{"start":{"line":31,"column":21},"end":{"line":31,"column":47}},"18":{"start":{"line":33,"column":2},"end":{"line":49,"column":4}},"19":{"start":{"line":52,"column":23},"end":{"line":54,"column":1}},"20":{"start":{"line":53,"column":2},"end":{"line":53,"column":54}},"21":{"start":{"line":57,"column":46},"end":{"line":57,"column":61}},"22":{"start":{"line":58,"column":62},"end":{"line":58,"column":81}},"23":{"start":{"line":59,"column":46},"end":{"line":59,"column":57}},"24":{"start":{"line":60,"column":46},"end":{"line":60,"column":71}},"25":{"start":{"line":62,"column":107},"end":{"line":62,"column":142}},"26":{"start":{"line":63,"column":115},"end":{"line":63,"column":139}},"27":{"start":{"line":64,"column":134},"end":{"line":64,"column":172}},"28":{"start":{"line":66,"column":21},"end":{"line":66,"column":59}},"29":{"start":{"line":66,"column":35},"end":{"line":66,"column":59}},"30":{"start":{"line":67,"column":27},"end":{"line":67,"column":104}},"31":{"start":{"line":68,"column":20},"end":{"line":68,"column":80}},"32":{"start":{"line":70,"column":27},"end":{"line":75,"column":3}},"33":{"start":{"line":71,"column":4},"end":{"line":71,"column":26}},"34":{"start":{"line":71,"column":19},"end":{"line":71,"column":26}},"35":{"start":{"line":72,"column":4},"end":{"line":72,"column":21}},"36":{"start":{"line":73,"column":4},"end":{"line":73,"column":20}},"37":{"start":{"line":74,"column":4},"end":{"line":74,"column":26}},"38":{"start":{"line":77,"column":23},"end":{"line":80,"column":3}},"39":{"start":{"line":78,"column":4},"end":{"line":78,"column":36}},"40":{"start":{"line":79,"column":4},"end":{"line":79,"column":28}},"41":{"start":{"line":82,"column":29},"end":{"line":86,"column":3}},"42":{"start":{"line":83,"column":4},"end":{"line":83,"column":81}},"43":{"start":{"line":83,"column":22},"end":{"line":83,"column":81}},"44":{"start":{"line":84,"column":4},"end":{"line":84,"column":109}},"45":{"start":{"line":84,"column":50},"end":{"line":84,"column":109}},"46":{"start":{"line":85,"column":4},"end":{"line":85,"column":61}},"47":{"start":{"line":88,"column":20},"end":{"line":94,"column":31}},"48":{"start":{"line":89,"column":4},"end":{"line":89,"column":84}},"49":{"start":{"line":89,"column":74},"end":{"line":89,"column":84}},"50":{"start":{"line":90,"column":4},"end":{"line":93,"column":8}},"51":{"start":{"line":90,"column":48},"end":{"line":93,"column":5}},"52":{"start":{"line":96,"column":30},"end":{"line":101,"column":3}},"53":{"start":{"line":97,"column":4},"end":{"line":100,"column":7}},"54":{"start":{"line":98,"column":30},"end":{"line":98,"column":104}},"55":{"start":{"line":99,"column":6},"end":{"line":99,"column":62}},"56":{"start":{"line":103,"column":26},"end":{"line":115,"column":3}},"57":{"start":{"line":104,"column":4},"end":{"line":114,"column":7}},"58":{"start":{"line":105,"column":6},"end":{"line":105,"column":65}},"59":{"start":{"line":105,"column":42},"end":{"line":105,"column":65}},"60":{"start":{"line":106,"column":30},"end":{"line":106,"column":58}},"61":{"start":{"line":107,"column":28},"end":{"line":107,"column":57}},"62":{"start":{"line":110,"column":6},"end":{"line":112,"column":7}},"63":{"start":{"line":111,"column":8},"end":{"line":111,"column":31}},"64":{"start":{"line":113,"column":6},"end":{"line":113,"column":46}},"65":{"start":{"line":117,"column":30},"end":{"line":117,"column":64}},"66":{"start":{"line":119,"column":2},"end":{"line":218,"column":4}},"67":{"start":{"line":161,"column":23},"end":{"line":161,"column":46}},"68":{"start":{"line":192,"column":92},"end":{"line":192,"column":372}},"69":{"start":{"line":196,"column":52},"end":{"line":196,"column":1079}},"70":{"start":{"line":207,"column":332},"end":{"line":207,"column":450}},"71":{"start":{"line":207,"column":493},"end":{"line":207,"column":514}},"72":{"start":{"line":214,"column":23},"end":{"line":214,"column":47}}},"fnMap":{"0":{"name":"(anonymous_0)","decl":{"start":{"line":12,"column":23},"end":{"line":12,"column":24}},"loc":{"start":{"line":12,"column":51},"end":{"line":15,"column":1}},"line":12},"1":{"name":"(anonymous_1)","decl":{"start":{"line":18,"column":26},"end":{"line":18,"column":27}},"loc":{"start":{"line":18,"column":37},"end":{"line":50,"column":1}},"line":18},"2":{"name":"(anonymous_2)","decl":{"start":{"line":52,"column":23},"end":{"line":52,"column":24}},"loc":{"start":{"line":53,"column":2},"end":{"line":53,"column":54}},"line":53},"3":{"name":"DashboardPage","decl":{"start":{"line":56,"column":9},"end":{"line":56,"column":22}},"loc":{"start":{"line":56,"column":25},"end":{"line":219,"column":1}},"line":56},"4":{"name":"(anonymous_4)","decl":{"start":{"line":66,"column":21},"end":{"line":66,"column":22}},"loc":{"start":{"line":66,"column":35},"end":{"line":66,"column":59}},"line":66},"5":{"name":"(anonymous_5)","decl":{"start":{"line":70,"column":27},"end":{"line":70,"column":28}},"loc":{"start":{"line":70,"column":33},"end":{"line":75,"column":3}},"line":70},"6":{"name":"(anonymous_6)","decl":{"start":{"line":77,"column":23},"end":{"line":77,"column":24}},"loc":{"start":{"line":77,"column":45},"end":{"line":80,"column":3}},"line":77},"7":{"name":"(anonymous_7)","decl":{"start":{"line":82,"column":29},"end":{"line":82,"column":30}},"loc":{"start":{"line":82,"column":46},"end":{"line":86,"column":3}},"line":82},"8":{"name":"(anonymous_8)","decl":{"start":{"line":88,"column":28},"end":{"line":88,"column":29}},"loc":{"start":{"line":88,"column":34},"end":{"line":94,"column":3}},"line":88},"9":{"name":"(anonymous_9)","decl":{"start":{"line":90,"column":39},"end":{"line":90,"column":40}},"loc":{"start":{"line":90,"column":48},"end":{"line":93,"column":5}},"line":90},"10":{"name":"(anonymous_10)","decl":{"start":{"line":96,"column":30},"end":{"line":96,"column":31}},"loc":{"start":{"line":96,"column":36},"end":{"line":101,"column":3}},"line":96},"11":{"name":"(anonymous_11)","decl":{"start":{"line":97,"column":22},"end":{"line":97,"column":23}},"loc":{"start":{"line":97,"column":36},"end":{"line":100,"column":5}},"line":97},"12":{"name":"(anonymous_12)","decl":{"start":{"line":103,"column":26},"end":{"line":103,"column":27}},"loc":{"start":{"line":103,"column":32},"end":{"line":115,"column":3}},"line":103},"13":{"name":"(anonymous_13)","decl":{"start":{"line":104,"column":22},"end":{"line":104,"column":23}},"loc":{"start":{"line":104,"column":36},"end":{"line":114,"column":5}},"line":104},"14":{"name":"(anonymous_14)","decl":{"start":{"line":161,"column":17},"end":{"line":161,"column":18}},"loc":{"start":{"line":161,"column":23},"end":{"line":161,"column":46}},"line":161},"15":{"name":"(anonymous_15)","decl":{"start":{"line":192,"column":82},"end":{"line":192,"column":83}},"loc":{"start":{"line":192,"column":92},"end":{"line":192,"column":372}},"line":192},"16":{"name":"(anonymous_16)","decl":{"start":{"line":196,"column":42},"end":{"line":196,"column":43}},"loc":{"start":{"line":196,"column":52},"end":{"line":196,"column":1079}},"line":196},"17":{"name":"(anonymous_17)","decl":{"start":{"line":207,"column":312},"end":{"line":207,"column":313}},"loc":{"start":{"line":207,"column":332},"end":{"line":207,"column":450}},"line":207},"18":{"name":"(anonymous_18)","decl":{"start":{"line":207,"column":482},"end":{"line":207,"column":483}},"loc":{"start":{"line":207,"column":493},"end":{"line":207,"column":514}},"line":207},"19":{"name":"(anonymous_19)","decl":{"start":{"line":214,"column":17},"end":{"line":214,"column":18}},"loc":{"start":{"line":214,"column":23},"end":{"line":214,"column":47}},"line":214}},"branchMap":{"0":{"loc":{"start":{"line":12,"column":32},"end":{"line":12,"column":46}},"type":"default-arg","locations":[{"start":{"line":12,"column":43},"end":{"line":12,"column":46}}],"line":12},"1":{"loc":{"start":{"line":13,"column":2},"end":{"line":13,"column":102}},"type":"if","locations":[{"start":{"line":13,"column":2},"end":{"line":13,"column":102}},{"start":{},"end":{}}],"line":13},"2":{"loc":{"start":{"line":13,"column":6},"end":{"line":13,"column":74}},"type":"binary-expr","locations":[{"start":{"line":13,"column":6},"end":{"line":13,"column":21}},{"start":{"line":13,"column":25},"end":{"line":13,"column":45}},{"start":{"line":13,"column":49},"end":{"line":13,"column":74}}],"line":13},"3":{"loc":{"start":{"line":21,"column":2},"end":{"line":21,"column":69}},"type":"if","locations":[{"start":{"line":21,"column":2},"end":{"line":21,"column":69}},{"start":{},"end":{}}],"line":21},"4":{"loc":{"start":{"line":21,"column":6},"end":{"line":21,"column":55}},"type":"binary-expr","locations":[{"start":{"line":21,"column":6},"end":{"line":21,"column":14}},{"start":{"line":21,"column":18},"end":{"line":21,"column":37}},{"start":{"line":21,"column":41},"end":{"line":21,"column":55}}],"line":21},"5":{"loc":{"start":{"line":29,"column":19},"end":{"line":29,"column":36}},"type":"cond-expr","locations":[{"start":{"line":29,"column":30},"end":{"line":29,"column":31}},{"start":{"line":29,"column":34},"end":{"line":29,"column":36}}],"line":29},"6":{"loc":{"start":{"line":31,"column":21},"end":{"line":31,"column":47}},"type":"cond-expr","locations":[{"start":{"line":31,"column":32},"end":{"line":31,"column":39}},{"start":{"line":31,"column":42},"end":{"line":31,"column":47}}],"line":31},"7":{"loc":{"start":{"line":42,"column":21},"end":{"line":42,"column":38}},"type":"cond-expr","locations":[{"start":{"line":42,"column":32},"end":{"line":42,"column":33}},{"start":{"line":42,"column":36},"end":{"line":42,"column":38}}],"line":42},"8":{"loc":{"start":{"line":45,"column":21},"end":{"line":45,"column":38}},"type":"cond-expr","locations":[{"start":{"line":45,"column":32},"end":{"line":45,"column":33}},{"start":{"line":45,"column":36},"end":{"line":45,"column":38}}],"line":45},"9":{"loc":{"start":{"line":52,"column":26},"end":{"line":52,"column":70}},"type":"default-arg","locations":[{"start":{"line":52,"column":38},"end":{"line":52,"column":70}}],"line":52},"10":{"loc":{"start":{"line":68,"column":20},"end":{"line":68,"column":80}},"type":"binary-expr","locations":[{"start":{"line":68,"column":20},"end":{"line":68,"column":36}},{"start":{"line":68,"column":40},"end":{"line":68,"column":55}},{"start":{"line":68,"column":59},"end":{"line":68,"column":80}}],"line":68},"11":{"loc":{"start":{"line":71,"column":4},"end":{"line":71,"column":26}},"type":"if","locations":[{"start":{"line":71,"column":4},"end":{"line":71,"column":26}},{"start":{},"end":{}}],"line":71},"12":{"loc":{"start":{"line":77,"column":24},"end":{"line":77,"column":40}},"type":"default-arg","locations":[{"start":{"line":77,"column":31},"end":{"line":77,"column":40}}],"line":77},"13":{"loc":{"start":{"line":83,"column":4},"end":{"line":83,"column":81}},"type":"if","locations":[{"start":{"line":83,"column":4},"end":{"line":83,"column":81}},{"start":{},"end":{}}],"line":83},"14":{"loc":{"start":{"line":84,"column":4},"end":{"line":84,"column":109}},"type":"if","locations":[{"start":{"line":84,"column":4},"end":{"line":84,"column":109}},{"start":{},"end":{}}],"line":84},"15":{"loc":{"start":{"line":89,"column":4},"end":{"line":89,"column":84}},"type":"if","locations":[{"start":{"line":89,"column":4},"end":{"line":89,"column":84}},{"start":{},"end":{}}],"line":89},"16":{"loc":{"start":{"line":89,"column":8},"end":{"line":89,"column":72}},"type":"binary-expr","locations":[{"start":{"line":89,"column":8},"end":{"line":89,"column":32}},{"start":{"line":89,"column":36},"end":{"line":89,"column":72}}],"line":89},"17":{"loc":{"start":{"line":98,"column":30},"end":{"line":98,"column":104}},"type":"cond-expr","locations":[{"start":{"line":98,"column":63},"end":{"line":98,"column":73}},{"start":{"line":98,"column":76},"end":{"line":98,"column":104}}],"line":98},"18":{"loc":{"start":{"line":105,"column":6},"end":{"line":105,"column":65}},"type":"if","locations":[{"start":{"line":105,"column":6},"end":{"line":105,"column":65}},{"start":{},"end":{}}],"line":105},"19":{"loc":{"start":{"line":110,"column":6},"end":{"line":112,"column":7}},"type":"if","locations":[{"start":{"line":110,"column":6},"end":{"line":112,"column":7}},{"start":{},"end":{}}],"line":110},"20":{"loc":{"start":{"line":127,"column":18},"end":{"line":129,"column":89}},"type":"cond-expr","locations":[{"start":{"line":128,"column":20},"end":{"line":128,"column":32}},{"start":{"line":129,"column":20},"end":{"line":129,"column":89}}],"line":127},"21":{"loc":{"start":{"line":145,"column":23},"end":{"line":145,"column":72}},"type":"cond-expr","locations":[{"start":{"line":145,"column":45},"end":{"line":145,"column":59}},{"start":{"line":145,"column":62},"end":{"line":145,"column":72}}],"line":145},"22":{"loc":{"start":{"line":155,"column":51},"end":{"line":155,"column":82}},"type":"cond-expr","locations":[{"start":{"line":155,"column":63},"end":{"line":155,"column":77}},{"start":{"line":155,"column":80},"end":{"line":155,"column":82}}],"line":155},"23":{"loc":{"start":{"line":176,"column":11},"end":{"line":186,"column":65}},"type":"cond-expr","locations":[{"start":{"line":176,"column":32},"end":{"line":176,"column":238}},{"start":{"line":177,"column":14},"end":{"line":186,"column":65}}],"line":176},"24":{"loc":{"start":{"line":177,"column":14},"end":{"line":186,"column":65}},"type":"cond-expr","locations":[{"start":{"line":177,"column":31},"end":{"line":177,"column":174}},{"start":{"line":178,"column":14},"end":{"line":186,"column":65}}],"line":177},"25":{"loc":{"start":{"line":178,"column":14},"end":{"line":186,"column":65}},"type":"cond-expr","locations":[{"start":{"line":179,"column":12},"end":{"line":185,"column":18}},{"start":{"line":186,"column":14},"end":{"line":186,"column":65}}],"line":178},"26":{"loc":{"start":{"line":183,"column":159},"end":{"line":183,"column":219}},"type":"cond-expr","locations":[{"start":{"line":183,"column":186},"end":{"line":183,"column":202}},{"start":{"line":183,"column":205},"end":{"line":183,"column":219}}],"line":183},"27":{"loc":{"start":{"line":184,"column":15},"end":{"line":184,"column":1206}},"type":"cond-expr","locations":[{"start":{"line":184,"column":117},"end":{"line":184,"column":1124}},{"start":{"line":184,"column":1131},"end":{"line":184,"column":1204}}],"line":184},"28":{"loc":{"start":{"line":184,"column":15},"end":{"line":184,"column":112}},"type":"binary-expr","locations":[{"start":{"line":184,"column":15},"end":{"line":184,"column":33}},{"start":{"line":184,"column":38},"end":{"line":184,"column":70}},{"start":{"line":184,"column":74},"end":{"line":184,"column":111}}],"line":184},"29":{"loc":{"start":{"line":184,"column":276},"end":{"line":184,"column":354}},"type":"binary-expr","locations":[{"start":{"line":184,"column":276},"end":{"line":184,"column":303}},{"start":{"line":184,"column":307},"end":{"line":184,"column":354}}],"line":184},"30":{"loc":{"start":{"line":184,"column":511},"end":{"line":184,"column":635}},"type":"cond-expr","locations":[{"start":{"line":184,"column":550},"end":{"line":184,"column":562}},{"start":{"line":184,"column":565},"end":{"line":184,"column":635}}],"line":184},"31":{"loc":{"start":{"line":184,"column":565},"end":{"line":184,"column":635}},"type":"cond-expr","locations":[{"start":{"line":184,"column":603},"end":{"line":184,"column":618}},{"start":{"line":184,"column":621},"end":{"line":184,"column":635}}],"line":184},"32":{"loc":{"start":{"line":184,"column":658},"end":{"line":184,"column":775}},"type":"cond-expr","locations":[{"start":{"line":184,"column":688},"end":{"line":184,"column":732}},{"start":{"line":184,"column":736},"end":{"line":184,"column":774}}],"line":184},"33":{"loc":{"start":{"line":184,"column":736},"end":{"line":184,"column":774}},"type":"cond-expr","locations":[{"start":{"line":184,"column":767},"end":{"line":184,"column":770}},{"start":{"line":184,"column":773},"end":{"line":184,"column":774}}],"line":184},"34":{"loc":{"start":{"line":184,"column":798},"end":{"line":184,"column":1116}},"type":"binary-expr","locations":[{"start":{"line":184,"column":798},"end":{"line":184,"column":825}},{"start":{"line":184,"column":831},"end":{"line":184,"column":1114}}],"line":184},"35":{"loc":{"start":{"line":184,"column":873},"end":{"line":184,"column":941}},"type":"cond-expr","locations":[{"start":{"line":184,"column":908},"end":{"line":184,"column":924}},{"start":{"line":184,"column":927},"end":{"line":184,"column":941}}],"line":184},"36":{"loc":{"start":{"line":184,"column":947},"end":{"line":184,"column":1108}},"type":"cond-expr","locations":[{"start":{"line":184,"column":982},"end":{"line":184,"column":1037}},{"start":{"line":184,"column":1040},"end":{"line":184,"column":1108}}],"line":184},"37":{"loc":{"start":{"line":192,"column":11},"end":{"line":198,"column":94}},"type":"cond-expr","locations":[{"start":{"line":192,"column":31},"end":{"line":192,"column":380}},{"start":{"line":193,"column":14},"end":{"line":198,"column":94}}],"line":192},"38":{"loc":{"start":{"line":193,"column":14},"end":{"line":198,"column":94}},"type":"cond-expr","locations":[{"start":{"line":193,"column":30},"end":{"line":193,"column":173}},{"start":{"line":194,"column":14},"end":{"line":198,"column":94}}],"line":193},"39":{"loc":{"start":{"line":194,"column":14},"end":{"line":198,"column":94}},"type":"cond-expr","locations":[{"start":{"line":195,"column":12},"end":{"line":197,"column":17}},{"start":{"line":198,"column":16},"end":{"line":198,"column":92}}],"line":194},"40":{"loc":{"start":{"line":194,"column":14},"end":{"line":194,"column":73}},"type":"binary-expr","locations":[{"start":{"line":194,"column":14},"end":{"line":194,"column":36}},{"start":{"line":194,"column":40},"end":{"line":194,"column":73}}],"line":194},"41":{"loc":{"start":{"line":196,"column":425},"end":{"line":196,"column":527}},"type":"binary-expr","locations":[{"start":{"line":196,"column":425},"end":{"line":196,"column":439}},{"start":{"line":196,"column":444},"end":{"line":196,"column":526}}],"line":196},"42":{"loc":{"start":{"line":196,"column":444},"end":{"line":196,"column":526}},"type":"cond-expr","locations":[{"start":{"line":196,"column":461},"end":{"line":196,"column":480}},{"start":{"line":196,"column":483},"end":{"line":196,"column":526}}],"line":196},"43":{"loc":{"start":{"line":196,"column":483},"end":{"line":196,"column":526}},"type":"cond-expr","locations":[{"start":{"line":196,"column":497},"end":{"line":196,"column":513}},{"start":{"line":196,"column":516},"end":{"line":196,"column":526}}],"line":196},"44":{"loc":{"start":{"line":196,"column":531},"end":{"line":196,"column":633}},"type":"binary-expr","locations":[{"start":{"line":196,"column":531},"end":{"line":196,"column":545}},{"start":{"line":196,"column":550},"end":{"line":196,"column":632}}],"line":196},"45":{"loc":{"start":{"line":196,"column":550},"end":{"line":196,"column":632}},"type":"cond-expr","locations":[{"start":{"line":196,"column":567},"end":{"line":196,"column":586}},{"start":{"line":196,"column":589},"end":{"line":196,"column":632}}],"line":196},"46":{"loc":{"start":{"line":196,"column":589},"end":{"line":196,"column":632}},"type":"cond-expr","locations":[{"start":{"line":196,"column":603},"end":{"line":196,"column":619}},{"start":{"line":196,"column":622},"end":{"line":196,"column":632}}],"line":196},"47":{"loc":{"start":{"line":196,"column":753},"end":{"line":196,"column":835}},"type":"cond-expr","locations":[{"start":{"line":196,"column":763},"end":{"line":196,"column":821}},{"start":{"line":196,"column":824},"end":{"line":196,"column":835}}],"line":196},"48":{"loc":{"start":{"line":196,"column":916},"end":{"line":196,"column":983}},"type":"cond-expr","locations":[{"start":{"line":196,"column":950},"end":{"line":196,"column":966}},{"start":{"line":196,"column":969},"end":{"line":196,"column":983}}],"line":196},"49":{"loc":{"start":{"line":196,"column":989},"end":{"line":196,"column":1032}},"type":"cond-expr","locations":[{"start":{"line":196,"column":1023},"end":{"line":196,"column":1026}},{"start":{"line":196,"column":1029},"end":{"line":196,"column":1032}}],"line":196},"50":{"loc":{"start":{"line":204,"column":11},"end":{"line":208,"column":118}},"type":"cond-expr","locations":[{"start":{"line":204,"column":37},"end":{"line":204,"column":164}},{"start":{"line":205,"column":14},"end":{"line":208,"column":118}}],"line":204},"51":{"loc":{"start":{"line":205,"column":14},"end":{"line":208,"column":118}},"type":"cond-expr","locations":[{"s
[...]
ine":129,"column":76}}],"line":129},"15":{"loc":{"start":{"line":130,"column":47},"end":{"line":130,"column":89}},"type":"binary-expr","locations":[{"start":{"line":130,"column":47},"end":{"line":130,"column":74}},{"start":{"line":130,"column":78},"end":{"line":130,"column":89}}],"line":130},"16":{"loc":{"start":{"line":135,"column":4},"end":{"line":137,"column":5}},"type":"if","locations":[{"start":{"line":135,"column":4},"end":{"line":137,"column":5}},{"start":{},"end":{}}],"line":135},"17":{"loc":{"start":{"line":135,"column":61},"end":{"line":135,"column":98}},"type":"cond-expr","locations":[{"start":{"line":135,"column":81},"end":{"line":135,"column":88}},{"start":{"line":135,"column":91},"end":{"line":135,"column":98}}],"line":135},"18":{"loc":{"start":{"line":141,"column":4},"end":{"line":143,"column":5}},"type":"if","locations":[{"start":{"line":141,"column":4},"end":{"line":143,"column":5}},{"start":{},"end":{}}],"line":141},"19":{"loc":{"start":{"line":141,"column":53},"end":{"line":141,"column":90}},"type":"cond-expr","locations":[{"start":{"line":141,"column":73},"end":{"line":141,"column":80}},{"start":{"line":141,"column":83},"end":{"line":141,"column":90}}],"line":141},"20":{"loc":{"start":{"line":147,"column":26},"end":{"line":147,"column":92}},"type":"binary-expr","locations":[{"start":{"line":147,"column":26},"end":{"line":147,"column":42}},{"start":{"line":147,"column":47},"end":{"line":147,"column":91}}],"line":147},"21":{"loc":{"start":{"line":147,"column":47},"end":{"line":147,"column":91}},"type":"cond-expr","locations":[{"start":{"line":147,"column":71},"end":{"line":147,"column":80}},{"start":{"line":147,"column":83},"end":{"line":147,"column":91}}],"line":147},"22":{"loc":{"start":{"line":152,"column":24},"end":{"line":152,"column":40}},"type":"default-arg","locations":[{"start":{"line":152,"column":31},"end":{"line":152,"column":40}}],"line":152},"23":{"loc":{"start":{"line":160,"column":4},"end":{"line":167,"column":5}},"type":"if","locations":[{"start":{"line":160,"column":4},"end":{"line":167,"column":5}},{"start":{"line":162,"column":11},"end":{"line":167,"column":5}}],"line":160},"24":{"loc":{"start":{"line":160,"column":8},"end":{"line":160,"column":61}},"type":"binary-expr","locations":[{"start":{"line":160,"column":8},"end":{"line":160,"column":37}},{"start":{"line":160,"column":41},"end":{"line":160,"column":61}}],"line":160},"25":{"loc":{"start":{"line":162,"column":11},"end":{"line":167,"column":5}},"type":"if","locations":[{"start":{"line":162,"column":11},"end":{"line":167,"column":5}},{"start":{},"end":{}}],"line":162},"26":{"loc":{"start":{"line":162,"column":15},"end":{"line":162,"column":72}},"type":"binary-expr","locations":[{"start":{"line":162,"column":15},"end":{"line":162,"column":45}},{"start":{"line":162,"column":49},"end":{"line":162,"column":72}}],"line":162},"27":{"loc":{"start":{"line":164,"column":8},"end":{"line":166,"column":9}},"type":"if","locations":[{"start":{"line":164,"column":8},"end":{"line":166,"column":9}},{"start":{},"end":{}}],"line":164},"28":{"loc":{"start":{"line":169,"column":22},"end":{"line":169,"column":61}},"type":"binary-expr","locations":[{"start":{"line":169,"column":22},"end":{"line":169,"column":45}},{"start":{"line":169,"column":49},"end":{"line":169,"column":61}}],"line":169},"29":{"loc":{"start":{"line":170,"column":4},"end":{"line":170,"column":93}},"type":"if","locations":[{"start":{"line":170,"column":4},"end":{"line":170,"column":93}},{"start":{},"end":{}}],"line":170},"30":{"loc":{"start":{"line":171,"column":4},"end":{"line":171,"column":95}},"type":"if","locations":[{"start":{"line":171,"column":4},"end":{"line":171,"column":95}},{"start":{},"end":{}}],"line":171},"31":{"loc":{"start":{"line":175,"column":12},"end":{"line":175,"column":131}},"type":"cond-expr","locations":[{"start":{"line":175,"column":44},"end":{"line":175,"column":87}},{"start":{"line":175,"column":90},"end":{"line":175,"column":131}}],"line":175},"32":{"loc":{"start":{"line":180,"column":2},"end":{"line":180,"column":419}},"type":"if","locations":[{"start":{"line":180,"column":2},"end":{"line":180,"column":419}},{"start":{},"end":{}}],"line":180},"33":{"loc":{"start":{"line":180,"column":234},"end":{"line":180,"column":282}},"type":"binary-expr","locations":[{"start":{"line":180,"column":234},"end":{"line":180,"column":247}},{"start":{"line":180,"column":251},"end":{"line":180,"column":282}}],"line":180},"34":{"loc":{"start":{"line":210,"column":56},"end":{"line":210,"column":122}},"type":"binary-expr","locations":[{"start":{"line":210,"column":56},"end":{"line":210,"column":65}},{"start":{"line":210,"column":69},"end":{"line":210,"column":93}},{"start":{"line":210,"column":97},"end":{"line":210,"column":122}}],"line":210},"35":{"loc":{"start":{"line":211,"column":51},"end":{"line":211,"column":139}},"type":"cond-expr","locations":[{"start":{"line":211,"column":120},"end":{"line":211,"column":134}},{"start":{"line":211,"column":137},"end":{"line":211,"column":139}}],"line":211},"36":{"loc":{"start":{"line":211,"column":51},"end":{"line":211,"column":117}},"type":"binary-expr","locations":[{"start":{"line":211,"column":51},"end":{"line":211,"column":60}},{"start":{"line":211,"column":64},"end":{"line":211,"column":88}},{"start":{"line":211,"column":92},"end":{"line":211,"column":117}}],"line":211},"37":{"loc":{"start":{"line":223,"column":13},"end":{"line":223,"column":88}},"type":"binary-expr","locations":[{"start":{"line":223,"column":13},"end":{"line":223,"column":22}},{"start":{"line":223,"column":26},"end":{"line":223,"column":88}}],"line":223},"38":{"loc":{"start":{"line":224,"column":13},"end":{"line":240,"column":13}},"type":"cond-expr","locations":[{"start":{"line":225,"column":14},"end":{"line":238,"column":14}},{"start":{"line":239,"column":14},"end":{"line":239,"column":287}}],"line":224},"39":{"loc":{"start":{"line":224,"column":13},"end":{"line":224,"column":66}},"type":"binary-expr","locations":[{"start":{"line":224,"column":13},"end":{"line":224,"column":23}},{"start":{"line":224,"column":27},"end":{"line":224,"column":39}},{"start":{"line":224,"column":43},"end":{"line":224,"column":66}}],"line":224},"40":{"loc":{"start":{"line":229,"column":100},"end":{"line":229,"column":149}},"type":"cond-expr","locations":[{"start":{"line":229,"column":112},"end":{"line":229,"column":144}},{"start":{"line":229,"column":147},"end":{"line":229,"column":149}}],"line":229},"41":{"loc":{"start":{"line":230,"column":130},"end":{"line":230,"column":199}},"type":"cond-expr","locations":[{"start":{"line":230,"column":140},"end":{"line":230,"column":193}},{"start":{"line":230,"column":196},"end":{"line":230,"column":199}}],"line":230},"42":{"loc":{"start":{"line":232,"column":161},"end":{"line":232,"column":241}},"type":"cond-expr","locations":[{"start":{"line":232,"column":184},"end":{"line":232,"column":213}},{"start":{"line":232,"column":216},"end":{"line":232,"column":241}}],"line":232},"43":{"loc":{"start":{"line":232,"column":246},"end":{"line":232,"column":286}},"type":"cond-expr","locations":[{"start":{"line":232,"column":269},"end":{"line":232,"column":276}},{"start":{"line":232,"column":279},"end":{"line":232,"column":286}}],"line":232},"44":{"loc":{"start":{"line":233,"column":106},"end":{"line":233,"column":162}},"type":"cond-expr","locations":[{"start":{"line":233,"column":129},"end":{"line":233,"column":145}},{"start":{"line":233,"column":148},"end":{"line":233,"column":162}}],"line":233},"45":{"loc":{"start":{"line":234,"column":133},"end":{"line":234,"column":251}},"type":"cond-expr","locations":[{"start":{"line":234,"column":145},"end":{"line":234,"column":172}},{"start":{"line":234,"column":176},"end":{"line":234,"column":250}}],"line":234},"46":{"loc":{"start":{"line":234,"column":176},"end":{"line":234,"column":250}},"type":"cond-expr","locations":[{"start":{"line":234,"column":193},"end":{"line":234,"column":222}},{"start":{"line":234,"column":225},"end":{"line":234,"column":250}}],"line":234},"47":{"loc":{"start":{"line":234,"column":256},"end":{"line":234,"column":315}},"type":"cond-expr","locations":[{"start":{"line":234,"column":268},"end":{"line":234,"column":276}},{"start":{"line":234,"column":280},"end":{"line":234,"column":314}}],"line":234},"48":{"loc":{"start":{"line":234,"column":280},"end":{"line":234,"column":314}},"type":"cond-expr","locations":[{"start":{"line":234,"column":297},"end":{"line":234,"column":303}},{"start":{"line":234,"column":306},"end":{"line":234,"column":314}}],"line":234},"49":{"loc":{"start":{"line":235,"column":142},"end":{"line":235,"column":336}},"type":"cond-expr","locations":[{"start":{"line":235,"column":156},"end":{"line":235,"column":328}},{"start":{"line":235,"column":332},"end":{"line":235,"column":336}}],"line":235},"50":{"loc":{"start":{"line":235,"column":338},"end":{"line":235,"column":622}},"type":"cond-expr","locations":[{"start":{"line":235,"column":352},"end":{"line":235,"column":614}},{"start":{"line":235,"column":618},"end":{"line":235,"column":622}}],"line":235},"51":{"loc":{"start":{"line":235,"column":506},"end":{"line":235,"column":572}},"type":"binary-expr","locations":[{"start":{"line":235,"column":506},"end":{"line":235,"column":530}},{"start":{"line":235,"column":534},"end":{"line":235,"column":572}}],"line":235},"52":{"loc":{"start":{"line":235,"column":624},"end":{"line":235,"column":912}},"type":"binary-expr","locations":[{"start":{"line":235,"column":624},"end":{"line":235,"column":633}},{"start":{"line":235,"column":638},"end":{"line":235,"column":911}}],"line":235},"53":{"loc":{"start":{"line":235,"column":798},"end":{"line":235,"column":866}},"type":"binary-expr","locations":[{"start":{"line":235,"column":798},"end":{"line":235,"column":823}},{"start":{"line":235,"column":827},"end":{"line":235,"column":866}}],"line":235},"54":{"loc":{"start":{"line":239,"column":14},"end":{"line":239,"column":287}},"type":"binary-expr","locations":[{"start":{"line":239,"column":14},"end":{"line":239,"column":24}},{"start":{"line":239,"column":30},"end":{"line":239,"column":285}}],"line":239},"55":{"loc":{"start":{"line":245,"column":7},"end":{"line":252,"column":7}},"type":"binary-expr","locations":[{"start":{"line":245,"column":7},"end":{"line":245,"column":18}},{"start":{"line":246,"column":8},"end":{"line":251,"column":10}}],"line":245}},"s":{"0":0,"1":0,"2":0,"3":0,"4":0,"5":0,"6":0,"7":0,"8":0,"9":0,"10":0,"11":0,"12":0,"13":0,"14":0,"15":0,"16":0,"17":0,"18":0,"19":0,"20":0,"21":0,"22":0,"23":0,"24":0,"25":0,"26":0,"27":0,"28":0,"29":0,"30":0,"31":0,"32":0,"33":0,"34":0,"35":0,"36":0,"37":0,"38":0,"39":0,"40":0,"41":0,"42":0,"43":0,"44":0,"45":0,"46":0,"47":0,"48":0,"49":0,"50":0,"51":0,"52":0,"53":0,"54":0,"55":0,"56":0,"57":0,"58":0,"59":0,"60":0,"61":0,"62":0,"63":0,"64":0,"65":0,"66":0,"67":0,"68":0,"69":0,"70":0,"71":0,"72":0,"73":0,"74":0,"75":0,"76":0,"77":0,"78":0,"79":0,"80":0,"81":0,"82":0,"83":0,"84":0,"85":0,"86":0,"87":0,"88":0,"89":0,"90":0,"91":0,"92":0,"93":0,"94":0,"95":0,"96":0,"97":0,"98":0,"99":0,"100":0,"101":0,"102":0,"103":0,"104":0,"105":0},"f":{"0":0,"1":0,"2":0,"3":0,"4":0,"5":0,"6":0,"7":0,"8":0,"9":0,"10":0,"11":0,"12":0,"13":0,"14":0,"15":0,"16":0,"17":0,"18":0,"19":0,"20":0,"21":0,"22":0,"23":0,"24":0,"25":0,"26":0,"27":0,"28":0,"29":0,"30":0,"31":0,"32":0,"33":0,"34":0,"35":0,"36":0},"b":{"0":[0],"1":[0,0],"2":[0,0,0],"3":[0,0],"4":[0,0],"5":[0,0],"6":[0,0],"7":[0,0],"8":[0,0],"9":[0,0],"10":[0,0,0,0,0,0],"11":[0,0],"12":[0,0],"13":[0,0],"14":[0,0],"15":[0,0],"16":[0,0],"17":[0,0],"18":[0,0],"19":[0,0],"20":[0,0],"21":[0,0],"22":[0],"23":[0,0],"24":[0,0],"25":[0,0],"26":[0,0],"27":[0,0],"28":[0,0],"29":[0,0],"30":[0,0],"31":[0,0],"32":[0,0],"33":[0,0],"34":[0,0,0],"35":[0,0],"36":[0,0,0],"37":[0,0],"38":[0,0],"39":[0,0,0],"40":[0,0],"41":[0,0],"42":[0,0],"43":[0,0],"44":[0,0],"45":[0,0],"46":[0,0],"47":[0,0],"48":[0,0],"49":[0,0],"50":[0,0],"51":[0,0],"52":[0,0],"53":[0,0],"54":[0,0],"55":[0,0]}}
,"C:\\Users\\a0526\\DEV\\family-budget-app-ts-minimal\\frontend\\src\\pages\\UserSettingsPage.jsx": {"path":"C:\\Users\\a0526\\DEV\\family-budget-app-ts-minimal\\frontend\\src\\pages\\UserSettingsPage.jsx","statementMap":{"0":{"start":{"line":8,"column":26},"end":{"line":11,"column":1}},"1":{"start":{"line":9,"column":19},"end":{"line":9,"column":56}},"2":{"start":{"line":10,"column":2},"end":{"line":10,"column":14}},"3":{"start":{"line":13,"column":27},"end":{"line":16,"column":1}},"4":{"start":{"line":14,"column":19},"end":{"line":14,"column":70}},"5":{"start":{"line":15,"column":2},"end":{"line":15,"column":14}},"6":{"start":{"line":19,"column":22},"end":{"line":19,"column":38}},"7":{"start":{"line":20,"column":47},"end":{"line":23,"column":4}},"8":{"start":{"line":25,"column":93},"end":{"line":30,"column":4}},"9":{"start":{"line":32,"column":2},"end":{"line":37,"column":27}},"10":{"start":{"line":33,"column":4},"end":{"line":36,"column":5}},"11":{"start":{"line":34,"column":6},"end":{"line":34,"column":107}},"12":{"start":{"line":35,"column":6},"end":{"line":35,"column":60}},"13":{"start":{"line":39,"column":19},"end":{"line":50,"column":4}},"14":{"start":{"line":42,"column":6},"end":{"line":42,"column":55}},"15":{"start":{"line":43,"column":6},"end":{"line":43,"column":72}},"16":{"start":{"line":44,"column":6},"end":{"line":44,"column":37}},"17":{"start":{"line":47,"column":6},"end":{"line":47,"column":55}},"18":{"start":{"line":48,"column":6},"end":{"line":48,"column":87}},"19":{"start":{"line":52,"column":19},"end":{"line":60,"column":3}},"20":{"start":{"line":53,"column":20},"end":{"line":58,"column":5}},"21":{"start":{"line":59,"column":4},"end":{"line":59,"column":29}},"22":{"start":{"line":62,"column":2},"end":{"line":62,"column":93}},"23":{"start":{"line":62,"column":17},"end":{"line":62,"column":93}},"24":{"start":{"line":63,"column":2},"end":{"line":68,"column":4}},"25":{"start":{"line":63,"column":13},"end":{"line":68,"column":4}},"26":{"start":{"line":70,"column":2},"end":{"line":132,"column":4}},"27":{"start":{"line":101,"column":20},"end":{"line":101,"column":68}},"28":{"start":{"line":101,"column":56},"end":{"line":101,"column":68}},"29":{"start":{"line":102,"column":32},"end":{"line":102,"column":49}},"30":{"start":{"line":103,"column":20},"end":{"line":103,"column":96}}},"fnMap":{"0":{"name":"(anonymous_0)","decl":{"start":{"line":8,"column":26},"end":{"line":8,"column":27}},"loc":{"start":{"line":8,"column":38},"end":{"line":11,"column":1}},"line":8},"1":{"name":"(anonymous_1)","decl":{"start":{"line":13,"column":27},"end":{"line":13,"column":28}},"loc":{"start":{"line":13,"column":51},"end":{"line":16,"column":1}},"line":13},"2":{"name":"UserSettingsPage","decl":{"start":{"line":18,"column":9},"end":{"line":18,"column":25}},"loc":{"start":{"line":18,"column":28},"end":{"line":133,"column":1}},"line":18},"3":{"name":"(anonymous_3)","decl":{"start":{"line":32,"column":12},"end":{"line":32,"column":13}},"loc":{"start":{"line":32,"column":18},"end":{"line":37,"column":3}},"line":32},"4":{"name":"(anonymous_4)","decl":{"start":{"line":41,"column":15},"end":{"line":41,"column":16}},"loc":{"start":{"line":41,"column":25},"end":{"line":45,"column":5}},"line":41},"5":{"name":"(anonymous_5)","decl":{"start":{"line":46,"column":13},"end":{"line":46,"column":14}},"loc":{"start":{"line":46,"column":24},"end":{"line":49,"column":5}},"line":46},"6":{"name":"(anonymous_6)","decl":{"start":{"line":52,"column":19},"end":{"line":52,"column":20}},"loc":{"start":{"line":52,"column":29},"end":{"line":60,"column":3}},"line":52},"7":{"name":"(anonymous_7)","decl":{"start":{"line":100,"column":26},"end":{"line":100,"column":27}},"loc":{"start":{"line":100,"column":37},"end":{"line":104,"column":17}},"line":100}},"branchMap":{"0":{"loc":{"start":{"line":33,"column":4},"end":{"line":36,"column":5}},"type":"if","locations":[{"start":{"line":33,"column":4},"end":{"line":36,"column":5}},{"start":{},"end":{}}],"line":33},"1":{"loc":{"start":{"line":34,"column":36},"end":{"line":34,"column":105}},"type":"cond-expr","locations":[{"start":{"line":34,"column":74},"end":{"line":34,"column":76}},{"start":{"line":34,"column":79},"end":{"line":34,"column":105}}],"line":34},"2":{"loc":{"start":{"line":48,"column":37},"end":{"line":48,"column":83}},"type":"binary-expr","locations":[{"start":{"line":48,"column":37},"end":{"line":48,"column":66}},{"start":{"line":48,"column":70},"end":{"line":48,"column":83}}],"line":48},"3":{"loc":{"start":{"line":55,"column":27},"end":{"line":57,"column":63}},"type":"cond-expr","locations":[{"start":{"line":56,"column":29},"end":{"line":56,"column":33}},{"start":{"line":57,"column":29},"end":{"line":57,"column":63}}],"line":55},"4":{"loc":{"start":{"line":55,"column":27},"end":{"line":55,"column":136}},"type":"binary-expr","locations":[{"start":{"line":55,"column":27},"end":{"line":55,"column":56}},{"start":{"line":55,"column":60},"end":{"line":55,"column":91}},{"start":{"line":55,"column":95},"end":{"line":55,"column":136}}],"line":55},"5":{"loc":{"start":{"line":62,"column":2},"end":{"line":62,"column":93}},"type":"if","locations":[{"start":{"line":62,"column":2},"end":{"line":62,"column":93}},{"start":{},"end":{}}],"line":62},"6":{"loc":{"start":{"line":63,"column":2},"end":{"line":68,"column":4}},"type":"if","locations":[{"start":{"line":63,"column":2},"end":{"line":68,"column":4}},{"start":{},"end":{}}],"line":63},"7":{"loc":{"start":{"line":101,"column":20},"end":{"line":101,"column":68}},"type":"if","locations":[{"start":{"line":101,"column":20},"end":{"line":101,"column":68}},{"start":{},"end":{}}],"line":101},"8":{"loc":{"start":{"line":101,"column":24},"end":{"line":101,"column":54}},"type":"binary-expr","locations":[{"start":{"line":101,"column":24},"end":{"line":101,"column":36}},{"start":{"line":101,"column":40},"end":{"line":101,"column":54}}],"line":101},"9":{"loc":{"start":{"line":103,"column":27},"end":{"line":103,"column":95}},"type":"binary-expr","locations":[{"start":{"line":103,"column":28},"end":{"line":103,"column":39}},{"start":{"line":103,"column":43},"end":{"line":103,"column":51}},{"start":{"line":103,"column":56},"end":{"line":103,"column":95}}],"line":103},"10":{"loc":{"start":{"line":106,"column":69},"end":{"line":106,"column":192}},"type":"cond-expr","locations":[{"start":{"line":106,"column":96},"end":{"line":106,"column":131}},{"start":{"line":106,"column":134},"end":{"line":106,"column":192}}],"line":106},"11":{"loc":{"start":{"line":109,"column":13},"end":{"line":109,"column":120}},"type":"binary-expr","locations":[{"start":{"line":109,"column":13},"end":{"line":109,"column":37}},{"start":{"line":109,"column":41},"end":{"line":109,"column":120}}],"line":109},"12":{"loc":{"start":{"line":116,"column":24},"end":{"line":116,"column":70}},"type":"binary-expr","locations":[{"start":{"line":116,"column":24},"end":{"line":116,"column":32}},{"start":{"line":116,"column":36},"end":{"line":116,"column":54}},{"start":{"line":116,"column":58},"end":{"line":116,"column":70}}],"line":116},"13":{"loc":{"start":{"line":119,"column":15},"end":{"line":126,"column":15}},"type":"cond-expr","locations":[{"start":{"line":120,"column":16},"end":{"line":123,"column":19}},{"start":{"line":125,"column":16},"end":{"line":125,"column":69}}],"line":119},"14":{"loc":{"start":{"line":119,"column":15},"end":{"line":119,"column":49}},"type":"binary-expr","locations":[{"start":{"line":119,"column":15},"end":{"line":119,"column":33}},{"start":{"line":119,"column":37},"end":{"line":119,"column":49}}],"line":119}},"s":{"0":0,"1":0,"2":0,"3":0,"4":0,"5":0,"6":0,"7":0,"8":0,"9":0,"10":0,"11":0,"12":0,"13":0,"14":0,"15":0,"16":0,"17":0,"18":0,"19":0,"20":0,"21":0,"22":0,"23":0,"24":0,"25":0,"26":0,"27":0,"28":0,"29":0,"30":0},"f":{"0":0,"1":0,"2":0,"3":0,"4":0,"5":0,"6":0,"7":0},"b":{"0":[0,0],"1":[0,0],"2":[0,0],"3":[0,0],"4":[0,0,0],"5":[0,0],"6":[0,0],"7":[0,0],"8":[0,0],"9":[0,0,0],"10":[0,0],"11":[0,0],"12":[0,0,0],"13":[0,0],"14":[0,0]}}
}
