TN:
SF:src\components\auth\ProtectedRoute.jsx
FN:6,(anonymous_0)
FNF:1
FNH:0
FNDA:0,(anonymous_0)
DA:6,0
DA:7,0
DA:9,0
DA:12,0
DA:15,0
DA:17,0
DA:21,0
LF:7
LH:0
BRDA:9,0,0,0
BRDA:9,0,1,0
BRDA:15,1,0,0
BRDA:15,1,1,0
BRF:4
BRH:0
end_of_record
TN:
SF:src\components\layout\Header.jsx
FN:7,(anonymous_0)
FN:19,(anonymous_1)
FNF:2
FNH:0
FNDA:0,(anonymous_0)
FNDA:0,(anonymous_1)
DA:7,0
DA:8,0
DA:19,0
DA:20,0
DA:21,0
LF:5
LH:0
BRDA:32,0,0,0
BRDA:32,0,1,0
BRDA:35,1,0,0
BRDA:35,1,1,0
BRF:4
BRH:0
end_of_record
TN:
SF:src\components\layout\MainLayout.jsx
FN:7,(anonymous_0)
FN:13,(anonymous_1)
FN:16,(anonymous_2)
FNF:3
FNH:0
FNDA:0,(anonymous_0)
FNDA:0,(anonymous_1)
FNDA:0,(anonymous_2)
DA:7,0
DA:8,0
DA:10,0
DA:13,0
DA:16,0
LF:5
LH:0
BRF:0
BRH:0
end_of_record
TN:
SF:src\components\layout\Sidebar.jsx
FN:14,(anonymous_0)
FN:21,(anonymous_1)
FN:23,(anonymous_2)
FN:31,(anonymous_3)
FN:46,(anonymous_4)
FN:87,(anonymous_5)
FNF:6
FNH:0
FNDA:0,(anonymous_0)
FNDA:0,(anonymous_1)
FNDA:0,(anonymous_2)
FNDA:0,(anonymous_3)
FNDA:0,(anonymous_4)
FNDA:0,(anonymous_5)
DA:6,0
DA:14,0
DA:15,0
DA:21,0
DA:23,0
DA:24,0
DA:31,0
DA:32,0
DA:39,0
DA:47,0
DA:88,0
LF:11
LH:0
BRDA:14,0,0,0
BRDA:15,1,0,0
BRDA:15,1,1,0
BRDA:17,2,0,0
BRDA:17,2,1,0
BRDA:26,3,0,0
BRDA:26,3,1,0
BRDA:34,4,0,0
BRDA:34,4,1,0
BRDA:63,5,0,0
BRDA:63,5,1,0
BRDA:73,6,0,0
BRDA:73,6,1,0
BRDA:74,7,0,0
BRDA:74,7,1,0
BRF:15
BRH:0
end_of_record
TN:
SF:src\components\transactions\AddTransactionModal.jsx
FN:10,(anonymous_0)
FN:16,(anonymous_1)
FN:43,(anonymous_2)
FN:82,(anonymous_3)
FN:87,(anonymous_4)
FN:94,(anonymous_5)
FN:102,(anonymous_6)
FN:108,(anonymous_7)
FN:150,(anonymous_8)
FN:158,(anonymous_9)
FN:179,(anonymous_10)
FN:186,(anonymous_11)
FN:200,(anonymous_12)
FN:228,(anonymous_13)
FN:228,(anonymous_14)
FN:230,(anonymous_15)
FN:249,(anonymous_16)
FN:267,(anonymous_17)
FN:267,(anonymous_18)
FN:276,(anonymous_19)
FN:302,(anonymous_20)
FN:302,(anonymous_21)
FNF:22
FNH:0
FNDA:0,(anonymous_0)
FNDA:0,(anonymous_1)
FNDA:0,(anonymous_2)
FNDA:0,(anonymous_3)
FNDA:0,(anonymous_4)
FNDA:0,(anonymous_5)
FNDA:0,(anonymous_6)
FNDA:0,(anonymous_7)
FNDA:0,(anonymous_8)
FNDA:0,(anonymous_9)
FNDA:0,(anonymous_10)
FNDA:0,(anonymous_11)
FNDA:0,(anonymous_12)
FNDA:0,(anonymous_13)
FNDA:0,(anonymous_14)
FNDA:0,(anonymous_15)
FNDA:0,(anonymous_16)
FNDA:0,(anonymous_17)
FNDA:0,(anonymous_18)
FNDA:0,(anonymous_19)
FNDA:0,(anonymous_20)
FNDA:0,(anonymous_21)
DA:10,0
DA:11,0
DA:12,0
DA:16,0
DA:17,0
DA:18,0
DA:19,0
DA:20,0
DA:22,0
DA:38,0
DA:43,0
DA:44,0
DA:45,0
DA:47,0
DA:48,0
DA:50,0
DA:63,0
DA:64,0
DA:71,0
DA:72,0
DA:73,0
DA:78,0
DA:80,0
DA:82,0
DA:86,0
DA:88,0
DA:89,0
DA:90,0
DA:92,0
DA:95,0
DA:96,0
DA:97,0
DA:98,0
DA:99,0
DA:100,0
DA:103,0
DA:104,0
DA:108,0
DA:109,0
DA:110,0
DA:116,0
DA:117,0
DA:118,0
DA:123,0
DA:124,0
DA:125,0
DA:126,0
DA:127,0
DA:128,0
DA:129,0
DA:130,0
DA:131,0
DA:132,0
DA:141,0
DA:145,0
DA:147,0
DA:150,0
DA:151,0
DA:152,0
DA:153,0
DA:154,0
DA:155,0
DA:158,0
DA:159,0
DA:160,0
DA:161,0
DA:162,0
DA:163,0
DA:164,0
DA:165,0
DA:166,0
DA:171,0
DA:179,0
DA:186,0
DA:200,0
DA:228,0
DA:229,0
DA:231,0
DA:250,0
DA:267,0
DA:276,0
DA:302,0
DA:303,0
LF:83
LH:0
BRDA:16,0,0,0
BRDA:16,1,0,0
BRDA:44,2,0,0
BRDA:44,2,1,0
BRDA:44,3,0,0
BRDA:44,3,1,0
BRDA:45,4,0,0
BRDA:45,4,1,0
BRDA:45,4,2,0
BRDA:47,5,0,0
BRDA:47,5,1,0
BRDA:48,6,0,0
BRDA:48,6,1,0
BRDA:52,7,0,0
BRDA:52,7,1,0
BRDA:53,8,0,0
BRDA:53,8,1,0
BRDA:54,9,0,0
BRDA:54,9,1,0
BRDA:54,10,0,0
BRDA:54,10,1,0
BRDA:55,11,0,0
BRDA:55,11,1,0
BRDA:55,12,0,0
BRDA:55,12,1,0
BRDA:56,13,0,0
BRDA:56,13,1,0
BRDA:57,14,0,0
BRDA:57,14,1,0
BRDA:88,15,0,0
BRDA:88,15,1,0
BRDA:89,16,0,0
BRDA:89,16,1,0
BRDA:99,17,0,0
BRDA:99,17,1,0
BRDA:103,18,0,0
BRDA:103,18,1,0
BRDA:104,19,0,0
BRDA:104,19,1,0
BRDA:104,20,0,0
BRDA:104,20,1,0
BRDA:116,21,0,0
BRDA:116,21,1,0
BRDA:123,22,0,0
BRDA:123,22,1,0
BRDA:125,23,0,0
BRDA:125,23,1,0
BRDA:127,24,0,0
BRDA:127,24,1,0
BRDA:128,25,0,0
BRDA:128,25,1,0
BRDA:129,26,0,0
BRDA:129,26,1,0
BRDA:129,27,0,0
BRDA:129,27,1,0
BRDA:130,28,0,0
BRDA:130,28,1,0
BRDA:141,29,0,0
BRDA:141,29,1,0
BRDA:145,30,0,0
BRDA:145,30,1,0
BRDA:159,31,0,0
BRDA:159,31,1,0
BRDA:159,32,0,0
BRDA:159,32,1,0
BRDA:160,33,0,0
BRDA:160,33,1,0
BRDA:163,34,0,0
BRDA:163,34,1,0
BRDA:165,35,0,0
BRDA:165,35,1,0
BRDA:172,36,0,0
BRDA:172,36,1,0
BRDA:172,37,0,0
BRDA:172,37,1,0
BRDA:172,38,0,0
BRDA:172,38,1,0
BRDA:175,39,0,0
BRDA:175,39,1,0
BRDA:180,40,0,0
BRDA:180,40,1,0
BRDA:187,41,0,0
BRDA:187,41,1,0
BRDA:194,42,0,0
BRDA:194,42,1,0
BRDA:200,43,0,0
BRDA:200,43,1,0
BRDA:201,44,0,0
BRDA:201,44,1,0
BRDA:202,45,0,0
BRDA:202,45,1,0
BRDA:207,46,0,0
BRDA:207,46,1,0
BRDA:208,47,0,0
BRDA:208,47,1,0
BRDA:218,48,0,0
BRDA:218,48,1,0
BRDA:224,49,0,0
BRDA:224,49,1,0
BRDA:227,50,0,0
BRDA:227,50,1,0
BRDA:236,51,0,0
BRDA:236,51,1,0
BRDA:244,52,0,0
BRDA:244,52,1,0
BRDA:254,53,0,0
BRDA:254,53,1,0
BRDA:254,54,0,0
BRDA:254,54,1,0
BRDA:263,55,0,0
BRDA:263,55,1,0
BRDA:263,55,2,0
BRDA:267,56,0,0
BRDA:267,56,1,0
BRDA:267,57,0,0
BRDA:267,57,1,0
BRDA:267,58,0,0
BRDA:267,58,1,0
BRDA:267,59,0,0
BRDA:267,59,1,0
BRDA:267,59,2,0
BRDA:267,60,0,0
BRDA:267,60,1,0
BRDA:267,61,0,0
BRDA:267,61,1,0
BRDA:267,61,2,0
BRDA:267,62,0,0
BRDA:267,62,1,0
BRDA:272,63,0,0
BRDA:272,63,1,0
BRDA:272,63,2,0
BRDA:276,64,0,0
BRDA:276,64,1,0
BRDA:276,65,0,0
BRDA:276,65,1,0
BRDA:276,66,0,0
BRDA:276,66,1,0
BRDA:276,67,0,0
BRDA:276,67,1,0
BRDA:276,68,0,0
BRDA:276,68,1,0
BRDA:276,69,0,0
BRDA:276,69,1,0
BRDA:276,70,0,0
BRDA:276,70,1,0
BRDA:281,71,0,0
BRDA:281,71,1,0
BRDA:281,71,2,0
BRDA:281,71,3,0
BRDA:281,71,4,0
BRDA:293,72,0,0
BRDA:293,72,1,0
BRDA:301,73,0,0
BRDA:301,73,1,0
BRDA:312,74,0,0
BRDA:312,74,1,0
BRDA:312,75,0,0
BRDA:312,75,1,0
BRDA:312,76,0,0
BRDA:312,76,1,0
BRDA:312,77,0,0
BRDA:312,77,1,0
BRF:162
BRH:0
end_of_record
TN:
SF:src\components\ui\Modal.jsx
FN:5,(anonymous_0)
FN:6,(anonymous_1)
FN:7,(anonymous_2)
FN:15,(anonymous_3)
FN:37,(anonymous_4)
FNF:5
FNH:0
FNDA:0,(anonymous_0)
FNDA:0,(anonymous_1)
FNDA:0,(anonymous_2)
FNDA:0,(anonymous_3)
FNDA:0,(anonymous_4)
DA:5,0
DA:6,0
DA:7,0
DA:8,0
DA:9,0
DA:12,0
DA:13,0
DA:15,0
DA:16,0
DA:20,0
DA:22,0
DA:30,0
DA:37,0
LF:13
LH:0
BRDA:5,0,0,0
BRDA:8,1,0,0
BRDA:8,1,1,0
BRDA:12,2,0,0
BRDA:12,2,1,0
BRDA:20,3,0,0
BRDA:20,3,1,0
BRDA:36,4,0,0
BRDA:36,4,1,0
BRF:9
BRH:0
end_of_record
TN:
SF:src\contexts\AuthContext.jsx
FN:7,(anonymous_0)
FN:12,(anonymous_1)
FN:20,(anonymous_2)
FN:40,(anonymous_3)
FN:49,(anonymous_4)
FN:73,(anonymous_5)
FN:100,(anonymous_6)
FNF:7
FNH:7
FNDA:25,(anonymous_0)
FNDA:3,(anonymous_1)
FNDA:3,(anonymous_2)
FNDA:8,(anonymous_3)
FNDA:2,(anonymous_4)
FNDA:2,(anonymous_5)
FNDA:28,(anonymous_6)
DA:5,1
DA:7,1
DA:8,25
DA:9,25
DA:10,25
DA:12,25
DA:13,3
DA:14,3
DA:15,3
DA:16,3
DA:17,3
DA:20,25
DA:21,3
DA:22,0
DA:23,0
DA:24,0
DA:26,3
DA:27,3
DA:28,3
DA:29,3
DA:30,2
DA:31,2
DA:33,1
DA:34,1
DA:36,3
DA:40,25
DA:41,8
DA:42,8
DA:43,3
DA:45,5
DA:49,25
DA:50,2
DA:51,2
DA:52,2
DA:53,1
DA:55,1
DA:56,0
DA:59,1
DA:60,1
DA:61,1
DA:62,1
DA:63,1
DA:64,1
DA:66,1
DA:67,1
DA:68,1
DA:69,1
DA:73,25
DA:74,2
DA:75,2
DA:76,2
DA:77,1
DA:78,1
DA:80,1
DA:81,1
DA:82,1
DA:86,25
DA:97,25
DA:100,1
DA:101,28
DA:102,27
DA:103,2
DA:105,25
LF:63
LH:59
BRDA:21,0,0,0
BRDA:21,0,1,3
BRDA:33,1,0,1
BRDA:33,1,1,1
BRDA:42,2,0,3
BRDA:42,2,1,5
BRDA:55,3,0,0
BRDA:55,3,1,1
BRDA:55,4,0,1
BRDA:55,4,1,1
BRDA:66,5,0,1
BRDA:66,5,1,0
BRDA:69,6,0,1
BRDA:69,6,1,0
BRDA:80,7,0,1
BRDA:80,7,1,0
BRDA:82,8,0,1
BRDA:82,8,1,0
BRDA:93,9,0,25
BRDA:93,9,1,13
BRDA:102,10,0,2
BRDA:102,10,1,25
BRDA:102,11,0,27
BRDA:102,11,1,27
BRF:24
BRH:18
end_of_record
TN:
SF:src\hooks\useDashboardData.jsx
FN:5,(anonymous_0)
FN:10,(anonymous_1)
FN:15,(anonymous_2)
FN:20,(anonymous_3)
FN:23,(anonymous_4)
FN:28,(anonymous_5)
FN:31,(anonymous_6)
FN:35,(anonymous_7)
FN:38,(anonymous_8)
FNF:9
FNH:0
FNDA:0,(anonymous_0)
FNDA:0,(anonymous_1)
FNDA:0,(anonymous_2)
FNDA:0,(anonymous_3)
FNDA:0,(anonymous_4)
FNDA:0,(anonymous_5)
FNDA:0,(anonymous_6)
FNDA:0,(anonymous_7)
FNDA:0,(anonymous_8)
DA:5,0
DA:6,0
DA:7,0
DA:10,0
DA:11,0
DA:12,0
DA:15,0
DA:16,0
DA:17,0
DA:20,0
DA:21,0
DA:23,0
DA:28,0
DA:29,0
DA:31,0
DA:35,0
DA:36,0
DA:38,0
LF:18
LH:0
BRDA:5,0,0,0
BRDA:10,1,0,0
BRDA:15,2,0,0
BRDA:20,3,0,0
BRDA:28,4,0,0
BRDA:35,5,0,0
BRF:6
BRH:0
end_of_record
TN:
SF:src\pages\DashboardPage.jsx
FN:12,(anonymous_0)
FN:18,(anonymous_1)
FN:52,(anonymous_2)
FN:56,DashboardPage
FN:66,(anonymous_4)
FN:70,(anonymous_5)
FN:77,(anonymous_6)
FN:82,(anonymous_7)
FN:88,(anonymous_8)
FN:90,(anonymous_9)
FN:96,(anonymous_10)
FN:97,(anonymous_11)
FN:103,(anonymous_12)
FN:104,(anonymous_13)
FN:161,(anonymous_14)
FN:192,(anonymous_15)
FN:196,(anonymous_16)
FN:207,(anonymous_17)
FN:207,(anonymous_18)
FN:214,(anonymous_19)
FNF:20
FNH:0
FNDA:0,(anonymous_0)
FNDA:0,(anonymous_1)
FNDA:0,(anonymous_2)
FNDA:0,DashboardPage
FNDA:0,(anonymous_4)
FNDA:0,(anonymous_5)
FNDA:0,(anonymous_6)
FNDA:0,(anonymous_7)
FNDA:0,(anonymous_8)
FNDA:0,(anonymous_9)
FNDA:0,(anonymous_10)
FNDA:0,(anonymous_11)
FNDA:0,(anonymous_12)
FNDA:0,(anonymous_13)
FNDA:0,(anonymous_14)
FNDA:0,(anonymous_15)
FNDA:0,(anonymous_16)
FNDA:0,(anonymous_17)
FNDA:0,(anonymous_18)
FNDA:0,(anonymous_19)
DA:12,0
DA:13,0
DA:14,0
DA:18,0
DA:19,0
DA:20,0
DA:21,0
DA:23,0
DA:24,0
DA:25,0
DA:26,0
DA:27,0
DA:28,0
DA:29,0
DA:30,0
DA:31,0
DA:33,0
DA:52,0
DA:53,0
DA:57,0
DA:58,0
DA:59,0
DA:60,0
DA:62,0
DA:63,0
DA:64,0
DA:66,0
DA:67,0
DA:68,0
DA:70,0
DA:71,0
DA:72,0
DA:73,0
DA:74,0
DA:77,0
DA:78,0
DA:79,0
DA:82,0
DA:83,0
DA:84,0
DA:85,0
DA:88,0
DA:89,0
DA:90,0
DA:96,0
DA:97,0
DA:98,0
DA:99,0
DA:103,0
DA:104,0
DA:105,0
DA:106,0
DA:107,0
DA:110,0
DA:111,0
DA:113,0
DA:117,0
DA:119,0
DA:161,0
DA:192,0
DA:196,0
DA:207,0
DA:214,0
LF:63
LH:0
BRDA:12,0,0,0
BRDA:13,1,0,0
BRDA:13,1,1,0
BRDA:13,2,0,0
BRDA:13,2,1,0
BRDA:13,2,2,0
BRDA:21,3,0,0
BRDA:21,3,1,0
BRDA:21,4,0,0
BRDA:21,4,1,0
BRDA:21,4,2,0
BRDA:29,5,0,0
BRDA:29,5,1,0
BRDA:31,6,0,0
BRDA:31,6,1,0
BRDA:42,7,0,0
BRDA:42,7,1,0
BRDA:45,8,0,0
BRDA:45,8,1,0
BRDA:52,9,0,0
BRDA:68,10,0,0
BRDA:68,10,1,0
BRDA:68,10,2,0
BRDA:71,11,0,0
BRDA:71,11,1,0
BRDA:77,12,0,0
BRDA:83,13,0,0
BRDA:83,13,1,0
BRDA:84,14,0,0
BRDA:84,14,1,0
BRDA:89,15,0,0
BRDA:89,15,1,0
BRDA:89,16,0,0
BRDA:89,16,1,0
BRDA:98,17,0,0
BRDA:98,17,1,0
BRDA:105,18,0,0
BRDA:105,18,1,0
BRDA:110,19,0,0
BRDA:110,19,1,0
BRDA:127,20,0,0
BRDA:127,20,1,0
BRDA:145,21,0,0
BRDA:145,21,1,0
BRDA:155,22,0,0
BRDA:155,22,1,0
BRDA:176,23,0,0
BRDA:176,23,1,0
BRDA:177,24,0,0
BRDA:177,24,1,0
BRDA:178,25,0,0
BRDA:178,25,1,0
BRDA:183,26,0,0
BRDA:183,26,1,0
BRDA:184,27,0,0
BRDA:184,27,1,0
BRDA:184,28,0,0
BRDA:184,28,1,0
BRDA:184,28,2,0
BRDA:184,29,0,0
BRDA:184,29,1,0
BRDA:184,30,0,0
BRDA:184,30,1,0
BRDA:184,31,0,0
BRDA:184,31,1,0
BRDA:184,32,0,0
BRDA:184,32,1,0
BRDA:184,33,0,0
BRDA:184,33,1,0
BRDA:184,34,0,0
BRDA:184,34,1,0
BRDA:184,35,0,0
BRDA:184,35,1,0
BRDA:184,36,0,0
BRDA:184,36,1,0
BRDA:192,37,0,0
BRDA:192,37,1,0
BRDA:193,38,0,0
BRDA:193,38,1,0
BRDA:194,39,0,0
BRDA:194,39,1,0
BRDA:194,40,0,0
BRDA:194,40,1,0
BRDA:196,41,0,0
BRDA:196,41,1,0
BRDA:196,42,0,0
BRDA:196,42,1,0
BRDA:196,43,0,0
BRDA:196,43,1,0
BRDA:196,44,0,0
BRDA:196,44,1,0
BRDA:196,45,0,0
BRDA:196,45,1,0
BRDA:196,46,0,0
BRDA:196,46,1,0
BRDA:196,47,0,0
BRDA:196,47,1,0
BRDA:196,48,0,0
BRDA:196,48,1,0
BRDA:196,49,0,0
BRDA:196,49,1,0
BRDA:204,50,0,0
BRDA:204,50,1,0
BRDA:205,51,0,0
BRDA:205,51,1,0
BRDA:206,52,0,0
BRDA:206,52,1,0
BRDA:206,53,0,0
BRDA:206,53,1,0
BRF:109
BRH:0
end_of_record
TN:
SF:src\pages\LoginPage.jsx
FN:7,LoginPage
FN:15,(anonymous_1)
FN:60,(anonymous_2)
FN:82,(anonymous_3)
FNF:4
FNH:0
FNDA:0,LoginPage
FNDA:0,(anonymous_1)
FNDA:0,(anonymous_2)
FNDA:0,(anonymous_3)
DA:8,0
DA:9,0
DA:10,0
DA:11,0
DA:12,0
DA:13,0
DA:15,0
DA:16,0
DA:17,0
DA:18,0
DA:19,0
DA:20,0
DA:21,0
DA:23,0
DA:25,0
DA:28,0
DA:60,0
DA:82,0
LF:18
LH:0
BRDA:20,0,0,0
BRDA:20,0,1,0
BRDA:23,1,0,0
BRDA:23,1,1,0
BRDA:38,2,0,0
BRDA:38,2,1,0
BRDA:101,3,0,0
BRDA:101,3,1,0
BRF:8
BRH:0
end_of_record
TN:
SF:src\pages\SignupPage.jsx
FN:7,SignupPage
FN:18,(anonymous_1)
FN:35,(anonymous_2)
FN:79,(anonymous_3)
FN:100,(anonymous_4)
FN:122,(anonymous_5)
FN:145,(anonymous_6)
FNF:7
FNH:0
FNDA:0,SignupPage
FNDA:0,(anonymous_1)
FNDA:0,(anonymous_2)
FNDA:0,(anonymous_3)
FNDA:0,(anonymous_4)
FNDA:0,(anonymous_5)
FNDA:0,(anonymous_6)
DA:8,0
DA:9,0
DA:10,0
DA:11,0
DA:12,0
DA:13,0
DA:14,0
DA:15,0
DA:16,0
DA:18,0
DA:19,0
DA:20,0
DA:21,0
DA:22,0
DA:24,0
DA:25,0
DA:26,0
DA:28,0
DA:29,0
DA:30,0
DA:32,0
DA:33,0
DA:34,0
DA:35,0
DA:37,0
DA:39,0
DA:42,0
DA:79,0
DA:100,0
DA:122,0
DA:145,0
LF:31
LH:0
BRDA:20,0,0,0
BRDA:20,0,1,0
BRDA:24,1,0,0
BRDA:24,1,1,0
BRDA:33,2,0,0
BRDA:33,2,1,0
BRDA:37,3,0,0
BRDA:37,3,1,0
BRDA:50,4,0,0
BRDA:50,4,1,0
BRDA:56,5,0,0
BRDA:56,5,1,0
BRDA:159,6,0,0
BRDA:159,6,1,0
BRF:14
BRH:0
end_of_record
TN:
SF:src\pages\TransactionsListPage.jsx
FN:11,(anonymous_0)
FN:16,(anonymous_1)
FN:28,(anonymous_2)
FN:46,(anonymous_3)
FN:47,(anonymous_4)
FN:50,(anonymous_5)
FN:54,(anonymous_6)
FN:60,TransactionsListPage
FN:73,(anonymous_8)
FN:81,(anonymous_9)
FN:85,(anonymous_10)
FN:88,(anonymous_11)
FN:92,(anonymous_12)
FN:103,(anonymous_13)
FN:107,(anonymous_14)
FN:110,(anonymous_15)
FN:114,(anonymous_16)
FN:122,(anonymous_17)
FN:124,(anonymous_18)
FN:128,(anonymous_19)
FN:134,(anonymous_20)
FN:140,(anonymous_21)
FN:146,(anonymous_22)
FN:152,(anonymous_23)
FN:158,(anonymous_24)
FN:180,(anonymous_25)
FN:189,(anonymous_26)
FN:201,(anonymous_27)
FN:207,(anonymous_28)
FN:210,(anonymous_29)
FN:213,(anonymous_30)
FN:223,(anonymous_31)
FN:225,(anonymous_32)
FN:235,(anonymous_33)
FN:235,(anonymous_34)
FN:235,(anonymous_35)
FN:248,(anonymous_36)
FNF:37
FNH:0
FNDA:0,(anonymous_0)
FNDA:0,(anonymous_1)
FNDA:0,(anonymous_2)
FNDA:0,(anonymous_3)
FNDA:0,(anonymous_4)
FNDA:0,(anonymous_5)
FNDA:0,(anonymous_6)
FNDA:0,TransactionsListPage
FNDA:0,(anonymous_8)
FNDA:0,(anonymous_9)
FNDA:0,(anonymous_10)
FNDA:0,(anonymous_11)
FNDA:0,(anonymous_12)
FNDA:0,(anonymous_13)
FNDA:0,(anonymous_14)
FNDA:0,(anonymous_15)
FNDA:0,(anonymous_16)
FNDA:0,(anonymous_17)
FNDA:0,(anonymous_18)
FNDA:0,(anonymous_19)
FNDA:0,(anonymous_20)
FNDA:0,(anonymous_21)
FNDA:0,(anonymous_22)
FNDA:0,(anonymous_23)
FNDA:0,(anonymous_24)
FNDA:0,(anonymous_25)
FNDA:0,(anonymous_26)
FNDA:0,(anonymous_27)
FNDA:0,(anonymous_28)
FNDA:0,(anonymous_29)
FNDA:0,(anonymous_30)
FNDA:0,(anonymous_31)
FNDA:0,(anonymous_32)
FNDA:0,(anonymous_33)
FNDA:0,(anonymous_34)
FNDA:0,(anonymous_35)
FNDA:0,(anonymous_36)
DA:11,0
DA:12,0
DA:13,0
DA:16,0
DA:17,0
DA:28,0
DA:29,0
DA:33,0
DA:41,0
DA:46,0
DA:47,0
DA:49,0
DA:50,0
DA:51,0
DA:54,0
DA:55,0
DA:56,0
DA:61,0
DA:62,0
DA:63,0
DA:64,0
DA:67,0
DA:68,0
DA:69,0
DA:73,0
DA:75,0
DA:81,0
DA:82,0
DA:83,0
DA:84,0
DA:85,0
DA:87,0
DA:88,0
DA:90,0
DA:91,0
DA:92,0
DA:93,0
DA:98,0
DA:102,0
DA:104,0
DA:105,0
DA:108,0
DA:110,0
DA:111,0
DA:115,0
DA:116,0
DA:120,0
DA:123,0
DA:124,0
DA:125,0
DA:129,0
DA:130,0
DA:134,0
DA:135,0
DA:136,0
DA:140,0
DA:141,0
DA:142,0
DA:146,0
DA:147,0
DA:148,0
DA:149,0
DA:152,0
DA:153,0
DA:154,0
DA:155,0
DA:158,0
DA:159,0
DA:160,0
DA:161,0
DA:162,0
DA:163,0
DA:164,0
DA:165,0
DA:169,0
DA:170,0
DA:171,0
DA:173,0
DA:180,0
DA:182,0
DA:189,0
DA:201,0
DA:207,0
DA:210,0
DA:213,0
DA:223,0
DA:226,0
DA:227,0
DA:228,0
DA:235,0
DA:248,0
LF:91
LH:0
BRDA:11,0,0,0
BRDA:12,1,0,0
BRDA:12,1,1,0
BRDA:12,2,0,0
BRDA:12,2,1,0
BRDA:12,2,2,0
BRDA:50,3,0,0
BRDA:50,3,1,0
BRDA:55,4,0,0
BRDA:55,4,1,0
BRDA:82,5,0,0
BRDA:82,5,1,0
BRDA:84,6,0,0
BRDA:84,6,1,0
BRDA:87,7,0,0
BRDA:87,7,1,0
BRDA:88,8,0,0
BRDA:88,8,1,0
BRDA:90,9,0,0
BRDA:90,9,1,0
BRDA:93,10,0,0
BRDA:93,10,1,0
BRDA:93,10,2,0
BRDA:93,10,3,0
BRDA:93,10,4,0
BRDA:93,10,5,0
BRDA:104,11,0,0
BRDA:104,11,1,0
BRDA:115,12,0,0
BRDA:115,12,1,0
BRDA:116,13,0,0
BRDA:116,13,1,0
BRDA:129,14,0,0
BRDA:129,14,1,0
BRDA:130,15,0,0
BRDA:130,15,1,0
BRDA:135,16,0,0
BRDA:135,16,1,0
BRDA:135,17,0,0
BRDA:135,17,1,0
BRDA:141,18,0,0
BRDA:141,18,1,0
BRDA:141,19,0,0
BRDA:141,19,1,0
BRDA:147,20,0,0
BRDA:147,20,1,0
BRDA:147,21,0,0
BRDA:147,21,1,0
BRDA:152,22,0,0
BRDA:160,23,0,0
BRDA:160,23,1,0
BRDA:160,24,0,0
BRDA:160,24,1,0
BRDA:162,25,0,0
BRDA:162,25,1,0
BRDA:162,26,0,0
BRDA:162,26,1,0
BRDA:164,27,0,0
BRDA:164,27,1,0
BRDA:169,28,0,0
BRDA:169,28,1,0
BRDA:170,29,0,0
BRDA:170,29,1,0
BRDA:171,30,0,0
BRDA:171,30,1,0
BRDA:175,31,0,0
BRDA:175,31,1,0
BRDA:180,32,0,0
BRDA:180,32,1,0
BRDA:180,33,0,0
BRDA:180,33,1,0
BRDA:210,34,0,0
BRDA:210,34,1,0
BRDA:210,34,2,0
BRDA:211,35,0,0
BRDA:211,35,1,0
BRDA:211,36,0,0
BRDA:211,36,1,0
BRDA:211,36,2,0
BRDA:223,37,0,0
BRDA:223,37,1,0
BRDA:224,38,0,0
BRDA:224,38,1,0
BRDA:224,39,0,0
BRDA:224,39,1,0
BRDA:224,39,2,0
BRDA:229,40,0,0
BRDA:229,40,1,0
BRDA:230,41,0,0
BRDA:230,41,1,0
BRDA:232,42,0,0
BRDA:232,42,1,0
BRDA:232,43,0,0
BRDA:232,43,1,0
BRDA:233,44,0,0
BRDA:233,44,1,0
BRDA:234,45,0,0
BRDA:234,45,1,0
BRDA:234,46,0,0
BRDA:234,46,1,0
BRDA:234,47,0,0
BRDA:234,47,1,0
BRDA:234,48,0,0
BRDA:234,48,1,0
BRDA:235,49,0,0
BRDA:235,49,1,0
BRDA:235,50,0,0
BRDA:235,50,1,0
BRDA:235,51,0,0
BRDA:235,51,1,0
BRDA:235,52,0,0
BRDA:235,52,1,0
BRDA:235,53,0,0
BRDA:235,53,1,0
BRDA:239,54,0,0
BRDA:239,54,1,0
BRDA:245,55,0,0
BRDA:245,55,1,0
BRF:118
BRH:0
end_of_record
TN:
SF:src\pages\UserSettingsPage.jsx
FN:8,(anonymous_0)
FN:13,(anonymous_1)
FN:18,UserSettingsPage
FN:32,(anonymous_3)
FN:41,(anonymous_4)
FN:46,(anonymous_5)
FN:52,(anonymous_6)
FN:100,(anonymous_7)
FNF:8
FNH:0
FNDA:0,(anonymous_0)
FNDA:0,(anonymous_1)
FNDA:0,UserSettingsPage
FNDA:0,(anonymous_3)
FNDA:0,(anonymous_4)
FNDA:0,(anonymous_5)
FNDA:0,(anonymous_6)
FNDA:0,(anonymous_7)
DA:8,0
DA:9,0
DA:10,0
DA:13,0
DA:14,0
DA:15,0
DA:19,0
DA:20,0
DA:25,0
DA:32,0
DA:33,0
DA:34,0
DA:35,0
DA:39,0
DA:42,0
DA:43,0
DA:44,0
DA:47,0
DA:48,0
DA:52,0
DA:53,0
DA:59,0
DA:62,0
DA:63,0
DA:70,0
DA:101,0
DA:102,0
DA:103,0
LF:28
LH:0
BRDA:33,0,0,0
BRDA:33,0,1,0
BRDA:34,1,0,0
BRDA:34,1,1,0
BRDA:48,2,0,0
BRDA:48,2,1,0
BRDA:55,3,0,0
BRDA:55,3,1,0
BRDA:55,4,0,0
BRDA:55,4,1,0
BRDA:55,4,2,0
BRDA:62,5,0,0
BRDA:62,5,1,0
BRDA:63,6,0,0
BRDA:63,6,1,0
BRDA:101,7,0,0
BRDA:101,7,1,0
BRDA:101,8,0,0
BRDA:101,8,1,0
BRDA:103,9,0,0
BRDA:103,9,1,0
BRDA:103,9,2,0
BRDA:106,10,0,0
BRDA:106,10,1,0
BRDA:109,11,0,0
BRDA:109,11,1,0
BRDA:116,12,0,0
BRDA:116,12,1,0
BRDA:116,12,2,0
BRDA:119,13,0,0
BRDA:119,13,1,0
BRDA:119,14,0,0
BRDA:119,14,1,0
BRF:33
BRH:0
end_of_record
